{"contracts/GuardedLaunchUpgradable.sol":{"l":{"24":252,"26":252,"27":252,"29":252,"30":252,"32":252,"39":89,"40":2,"42":87,"51":4,"58":1},"path":"/home/bugman/Projects/idle/idle-utils/contracts/GuardedLaunchUpgradable.sol","s":{"1":252,"2":252,"3":252,"4":252,"5":252,"6":252,"7":89,"8":2,"9":87,"10":4,"11":1},"b":{"1":[252,0],"2":[2,87],"3":[85,2]},"f":{"1":252,"2":89,"3":4,"4":1},"fnMap":{"1":{"name":"__GuardedLaunch_init","line":23,"loc":{"start":{"line":23,"column":2},"end":{"line":33,"column":2}}},"2":{"name":"_guarded","line":38,"loc":{"start":{"line":38,"column":2},"end":{"line":43,"column":2}}},"3":{"name":"_setLimit","line":50,"loc":{"start":{"line":50,"column":2},"end":{"line":52,"column":2}}},"4":{"name":"transferToken","line":57,"loc":{"start":{"line":57,"column":2},"end":{"line":59,"column":2}}}},"statementMap":{"1":{"start":{"line":24,"column":4},"end":{"line":24,"column":65}},"2":{"start":{"line":26,"column":4},"end":{"line":26,"column":38}},"3":{"start":{"line":27,"column":4},"end":{"line":27,"column":54}},"4":{"start":{"line":29,"column":4},"end":{"line":29,"column":17}},"5":{"start":{"line":30,"column":4},"end":{"line":30,"column":51}},"6":{"start":{"line":32,"column":4},"end":{"line":32,"column":28}},"7":{"start":{"line":39,"column":4},"end":{"line":39,"column":1717}},"8":{"start":{"line":40,"column":6},"end":{"line":40,"column":12}},"9":{"start":{"line":42,"column":4},"end":{"line":42,"column":67}},"10":{"start":{"line":51,"column":4},"end":{"line":51,"column":17}},"11":{"start":{"line":58,"column":4},"end":{"line":58,"column":73}}},"branchMap":{"1":{"line":24,"type":"if","locations":[{"start":{"line":24,"column":4},"end":{"line":24,"column":4}},{"start":{"line":24,"column":4},"end":{"line":24,"column":4}}]},"2":{"line":39,"type":"if","locations":[{"start":{"line":39,"column":4},"end":{"line":39,"column":4}},{"start":{"line":39,"column":4},"end":{"line":39,"column":4}}]},"3":{"line":42,"type":"if","locations":[{"start":{"line":42,"column":4},"end":{"line":42,"column":4}},{"start":{"line":42,"column":4},"end":{"line":42,"column":4}}]}}},"contracts/IdleCDO.sol":{"l":{"48":252,"49":252,"51":252,"52":252,"54":252,"55":252,"56":252,"57":252,"58":252,"59":252,"60":252,"61":252,"62":252,"63":252,"64":252,"65":252,"66":252,"67":252,"68":252,"69":252,"70":252,"72":252,"73":252,"74":252,"77":252,"78":252,"80":252,"82":252,"83":252,"84":252,"96":46,"104":43,"111":9,"112":8,"119":8,"120":7,"130":4,"136":15,"142":309,"144":309,"145":309,"151":2,"157":4,"162":7,"167":665,"172":27,"177":31,"178":31,"179":31,"180":3,"183":28,"191":76,"192":76,"193":76,"194":76,"196":76,"197":26,"200":50,"201":4,"204":46,"206":46,"208":46,"209":46,"211":25,"214":21,"217":46,"223":66,"228":2,"243":89,"245":87,"247":87,"251":85,"254":85,"256":85,"261":123,"263":123,"264":123,"265":54,"268":69,"269":69,"270":37,"273":32,"275":32,"276":32,"278":32,"280":32,"281":32,"282":32,"283":32,"284":32,"286":12,"289":9,"292":11,"293":11,"296":32,"298":32,"300":32,"301":32,"310":109,"311":109,"313":109,"314":60,"316":49,"324":25,"325":24,"326":24,"331":24,"337":25,"338":25,"350":15,"352":15,"354":13,"356":13,"357":6,"359":13,"360":13,"362":13,"366":13,"367":13,"371":13,"374":12,"376":12,"379":12,"380":6,"382":6,"388":102,"389":102,"390":100,"392":98,"400":15,"401":15,"403":15,"410":3,"411":3,"412":3,"413":3,"414":3,"417":3,"419":1,"422":2,"424":1,"430":1,"434":1,"441":4,"442":4,"443":4,"445":4,"446":4,"447":4,"454":199,"460":117,"461":95,"463":22,"469":28,"478":6,"479":6,"480":6,"481":6,"482":2,"484":4,"502":74,"504":73,"505":73,"507":73,"509":26,"510":26,"511":26,"513":26,"515":26,"516":26,"517":10,"519":10,"521":10,"523":1,"524":1,"525":1,"526":1,"528":1,"530":1,"540":25,"547":25,"551":25,"553":25,"555":3,"561":72,"562":72,"563":72,"565":46,"574":3,"575":2,"584":2,"589":2,"594":1,"599":1,"609":2,"610":1,"612":1,"613":1,"614":1,"616":1,"618":1,"620":1,"621":1,"623":1,"625":1,"627":1,"632":4,"637":10,"642":5,"647":2,"652":91,"657":2,"663":2,"671":86,"672":86,"673":86,"676":86,"677":86,"678":86,"679":2,"681":86,"682":2,"687":86,"688":86,"691":86,"692":86,"694":86,"695":86,"702":8,"703":6,"704":6,"705":6,"706":6,"707":6,"713":4,"714":4,"720":2,"721":2,"731":717,"736":87,"741":15,"750":2,"751":1,"752":1,"756":1},"path":"/home/bugman/Projects/idle/idle-utils/contracts/IdleCDO.sol","s":{"1":252,"2":252,"3":252,"4":252,"5":252,"6":252,"7":252,"8":252,"9":252,"10":252,"11":252,"12":252,"13":252,"14":252,"15":252,"16":252,"17":252,"18":252,"19":252,"20":252,"21":252,"22":252,"23":252,"24":252,"25":252,"26":252,"27":252,"28":252,"29":252,"30":252,"31":46,"32":43,"33":9,"34":8,"35":8,"36":7,"37":4,"38":15,"39":309,"40":309,"41":309,"42":2,"43":4,"44":7,"45":665,"46":27,"47":31,"48":31,"49":31,"50":3,"51":28,"52":76,"53":76,"54":76,"55":76,"56":76,"57":26,"58":50,"59":4,"60":46,"61":46,"62":46,"63":46,"64":25,"65":21,"66":46,"67":66,"68":2,"69":89,"70":87,"71":87,"72":85,"73":85,"74":85,"75":123,"76":123,"77":123,"78":54,"79":69,"80":69,"81":37,"82":32,"83":32,"84":32,"85":32,"86":32,"87":32,"88":32,"89":32,"90":32,"91":12,"92":20,"93":9,"94":11,"95":11,"96":32,"97":32,"98":32,"99":32,"100":109,"101":109,"102":109,"103":60,"104":49,"105":25,"106":24,"107":24,"108":24,"109":25,"110":25,"111":15,"112":15,"113":13,"114":13,"115":6,"116":13,"117":13,"118":13,"119":13,"120":13,"121":13,"122":12,"123":12,"124":12,"125":6,"126":6,"127":102,"128":102,"129":100,"130":98,"131":15,"132":15,"133":15,"134":3,"135":3,"136":3,"137":3,"138":3,"139":3,"140":1,"141":2,"142":1,"143":1,"144":1,"145":4,"146":4,"147":4,"148":4,"149":4,"150":4,"151":199,"152":117,"153":95,"154":22,"155":28,"156":6,"157":6,"158":6,"159":6,"160":2,"161":4,"162":74,"163":73,"164":73,"165":73,"166":26,"167":26,"168":26,"169":26,"170":26,"171":26,"172":10,"173":10,"174":10,"175":1,"176":1,"177":1,"178":1,"179":1,"180":1,"181":25,"182":25,"183":25,"184":25,"185":3,"186":72,"187":72,"188":72,"189":46,"190":3,"191":2,"192":2,"193":2,"194":1,"195":1,"196":2,"197":1,"198":1,"199":1,"200":1,"201":1,"202":1,"203":1,"204":1,"205":1,"206":1,"207":1,"208":4,"209":10,"210":5,"211":2,"212":91,"213":2,"214":2,"215":86,"216":86,"217":86,"218":86,"219":86,"220":86,"221":2,"222":86,"223":2,"224":86,"225":86,"226":86,"227":86,"228":86,"229":86,"230":8,"231":6,"232":6,"233":6,"234":6,"235":6,"236":4,"237":4,"238":2,"239":2,"240":717,"241":87,"242":15,"243":2,"244":1,"245":1,"246":1},"b":{"1":[8,1],"2":[7,1],"3":[3,28],"4":[26,50],"5":[4,46],"6":[25,21],"7":[54,69],"8":[37,32],"9":[12,20],"10":[9,11],"11":[60,49],"12":[24,1],"13":[6,7],"14":[13,0],"15":[13,0],"16":[6,6],"17":[100,2],"18":[96,4],"19":[15,0],"20":[14,1],"21":[1,2],"22":[1,1],"23":[4,0],"24":[95,22],"25":[2,4],"26":[73,1],"27":[26,47],"28":[9,1],"29":[3,22],"30":[46,26],"31":[2,1],"32":[1,1],"33":[3,1],"34":[9,1],"35":[4,1],"36":[1,1],"37":[90,1],"38":[1,1],"39":[2,84],"40":[2,84],"41":[6,2],"42":[4,0],"43":[2,0],"44":[15,0],"45":[1,0]},"f":{"1":252,"2":46,"3":43,"4":9,"5":8,"6":4,"7":15,"8":309,"9":2,"10":4,"11":7,"12":665,"13":27,"14":31,"15":76,"16":66,"17":2,"18":89,"19":123,"20":109,"21":25,"22":25,"23":15,"24":102,"25":15,"26":3,"27":4,"28":199,"29":117,"30":28,"31":6,"32":74,"33":3,"34":2,"35":2,"36":1,"37":1,"38":2,"39":4,"40":10,"41":5,"42":2,"43":91,"44":2,"45":2,"46":86,"47":8,"48":4,"49":2,"50":717,"51":87,"52":15,"53":2},"fnMap":{"1":{"name":"initialize","line":46,"loc":{"start":{"line":39,"column":2},"end":{"line":85,"column":2}}},"2":{"name":"depositAA","line":95,"loc":{"start":{"line":95,"column":2},"end":{"line":97,"column":2}}},"3":{"name":"depositBB","line":103,"loc":{"start":{"line":103,"column":2},"end":{"line":105,"column":2}}},"4":{"name":"withdrawAA","line":110,"loc":{"start":{"line":110,"column":2},"end":{"line":113,"column":2}}},"5":{"name":"withdrawBB","line":118,"loc":{"start":{"line":118,"column":2},"end":{"line":121,"column":2}}},"6":{"name":"tranchePrice","line":129,"loc":{"start":{"line":129,"column":2},"end":{"line":131,"column":2}}},"7":{"name":"lastTranchePrice","line":135,"loc":{"start":{"line":135,"column":2},"end":{"line":137,"column":2}}},"8":{"name":"getContractValue","line":141,"loc":{"start":{"line":141,"column":2},"end":{"line":146,"column":2}}},"9":{"name":"getIdealApr","line":150,"loc":{"start":{"line":150,"column":2},"end":{"line":152,"column":2}}},"10":{"name":"getApr","line":156,"loc":{"start":{"line":156,"column":2},"end":{"line":158,"column":2}}},"11":{"name":"strategyAPR","line":161,"loc":{"start":{"line":161,"column":2},"end":{"line":163,"column":2}}},"12":{"name":"strategyPrice","line":166,"loc":{"start":{"line":166,"column":2},"end":{"line":168,"column":2}}},"13":{"name":"getRewards","line":171,"loc":{"start":{"line":171,"column":2},"end":{"line":173,"column":2}}},"14":{"name":"getCurrentAARatio","line":176,"loc":{"start":{"line":176,"column":2},"end":{"line":184,"column":2}}},"15":{"name":"virtualPrice","line":190,"loc":{"start":{"line":190,"column":2},"end":{"line":218,"column":2}}},"16":{"name":"virtualBalance","line":222,"loc":{"start":{"line":222,"column":2},"end":{"line":224,"column":2}}},"17":{"name":"getIncentiveTokens","line":227,"loc":{"start":{"line":227,"column":2},"end":{"line":229,"column":2}}},"18":{"name":"_deposit","line":241,"loc":{"start":{"line":241,"column":2},"end":{"line":257,"column":2}}},"19":{"name":"_updatePrices","line":260,"loc":{"start":{"line":260,"column":2},"end":{"line":302,"column":2}}},"20":{"name":"_mintShares","line":308,"loc":{"start":{"line":308,"column":2},"end":{"line":318,"column":2}}},"21":{"name":"_depositFees","line":323,"loc":{"start":{"line":323,"column":2},"end":{"line":333,"column":2}}},"22":{"name":"_updateLastTranchePrices","line":336,"loc":{"start":{"line":336,"column":2},"end":{"line":339,"column":2}}},"23":{"name":"_withdraw","line":348,"loc":{"start":{"line":348,"column":2},"end":{"line":384,"column":2}}},"24":{"name":"_checkDefault","line":387,"loc":{"start":{"line":387,"column":2},"end":{"line":393,"column":2}}},"25":{"name":"_liquidate","line":399,"loc":{"start":{"line":399,"column":2},"end":{"line":405,"column":2}}},"26":{"name":"_updateIncentives","line":408,"loc":{"start":{"line":408,"column":2},"end":{"line":435,"column":2}}},"27":{"name":"_depositIncentiveToken","line":440,"loc":{"start":{"line":440,"column":2},"end":{"line":450,"column":2}}},"28":{"name":"_lastNAV","line":453,"loc":{"start":{"line":453,"column":2},"end":{"line":455,"column":2}}},"29":{"name":"_tranchePrice","line":459,"loc":{"start":{"line":459,"column":2},"end":{"line":464,"column":2}}},"30":{"name":"_lastTranchePrice","line":468,"loc":{"start":{"line":468,"column":2},"end":{"line":470,"column":2}}},"31":{"name":"_getApr","line":477,"loc":{"start":{"line":477,"column":2},"end":{"line":487,"column":2}}},"32":{"name":"harvest","line":501,"loc":{"start":{"line":501,"column":2},"end":{"line":567,"column":2}}},"33":{"name":"liquidate","line":573,"loc":{"start":{"line":573,"column":2},"end":{"line":576,"column":2}}},"34":{"name":"setAllowAAWithdraw","line":583,"loc":{"start":{"line":583,"column":2},"end":{"line":585,"column":2}}},"35":{"name":"setAllowBBWithdraw","line":588,"loc":{"start":{"line":588,"column":2},"end":{"line":590,"column":2}}},"36":{"name":"setSkipDefaultCheck","line":593,"loc":{"start":{"line":593,"column":2},"end":{"line":595,"column":2}}},"37":{"name":"setRevertIfTooLow","line":598,"loc":{"start":{"line":598,"column":2},"end":{"line":600,"column":2}}},"38":{"name":"setStrategy","line":608,"loc":{"start":{"line":608,"column":2},"end":{"line":628,"column":2}}},"39":{"name":"setRebalancer","line":631,"loc":{"start":{"line":631,"column":2},"end":{"line":633,"column":2}}},"40":{"name":"setFeeReceiver","line":636,"loc":{"start":{"line":636,"column":2},"end":{"line":638,"column":2}}},"41":{"name":"setGuardian","line":641,"loc":{"start":{"line":641,"column":2},"end":{"line":643,"column":2}}},"42":{"name":"setFee","line":646,"loc":{"start":{"line":646,"column":2},"end":{"line":648,"column":2}}},"43":{"name":"setUnlentPerc","line":651,"loc":{"start":{"line":651,"column":2},"end":{"line":653,"column":2}}},"44":{"name":"setIdealRange","line":656,"loc":{"start":{"line":656,"column":2},"end":{"line":658,"column":2}}},"45":{"name":"setIncentiveTokens","line":662,"loc":{"start":{"line":662,"column":2},"end":{"line":664,"column":2}}},"46":{"name":"setStakingRewards","line":669,"loc":{"start":{"line":669,"column":2},"end":{"line":697,"column":2}}},"47":{"name":"emergencyShutdown","line":701,"loc":{"start":{"line":701,"column":2},"end":{"line":708,"column":2}}},"48":{"name":"pause","line":712,"loc":{"start":{"line":712,"column":2},"end":{"line":715,"column":2}}},"49":{"name":"unpause","line":719,"loc":{"start":{"line":719,"column":2},"end":{"line":722,"column":2}}},"50":{"name":"_contractTokenBalance","line":730,"loc":{"start":{"line":730,"column":2},"end":{"line":732,"column":2}}},"51":{"name":"_updateCallerBlock","line":735,"loc":{"start":{"line":735,"column":2},"end":{"line":737,"column":2}}},"52":{"name":"_checkSameTx","line":740,"loc":{"start":{"line":740,"column":2},"end":{"line":742,"column":2}}},"53":{"name":"_includesAddress","line":749,"loc":{"start":{"line":749,"column":2},"end":{"line":757,"column":2}}}},"statementMap":{"1":{"start":{"line":48,"column":4},"end":{"line":48,"column":40}},"2":{"start":{"line":49,"column":4},"end":{"line":49,"column":80}},"3":{"start":{"line":51,"column":4},"end":{"line":51,"column":80}},"4":{"start":{"line":52,"column":4},"end":{"line":52,"column":80}},"5":{"start":{"line":54,"column":4},"end":{"line":54,"column":24}},"6":{"start":{"line":55,"column":4},"end":{"line":55,"column":23}},"7":{"start":{"line":56,"column":4},"end":{"line":56,"column":62}},"8":{"start":{"line":57,"column":4},"end":{"line":57,"column":27}},"9":{"start":{"line":58,"column":4},"end":{"line":58,"column":47}},"10":{"start":{"line":59,"column":4},"end":{"line":59,"column":53}},"11":{"start":{"line":60,"column":4},"end":{"line":60,"column":21}},"12":{"start":{"line":61,"column":4},"end":{"line":61,"column":70}},"13":{"start":{"line":62,"column":4},"end":{"line":62,"column":23}},"14":{"start":{"line":63,"column":4},"end":{"line":63,"column":83}},"15":{"start":{"line":64,"column":4},"end":{"line":64,"column":61}},"16":{"start":{"line":65,"column":4},"end":{"line":65,"column":37}},"17":{"start":{"line":66,"column":4},"end":{"line":66,"column":22}},"18":{"start":{"line":67,"column":4},"end":{"line":67,"column":22}},"19":{"start":{"line":68,"column":4},"end":{"line":68,"column":26}},"20":{"start":{"line":69,"column":4},"end":{"line":69,"column":26}},"21":{"start":{"line":70,"column":4},"end":{"line":70,"column":20}},"22":{"start":{"line":72,"column":4},"end":{"line":72,"column":25}},"23":{"start":{"line":73,"column":4},"end":{"line":73,"column":25}},"24":{"start":{"line":74,"column":4},"end":{"line":74,"column":24}},"25":{"start":{"line":77,"column":4},"end":{"line":77,"column":84}},"26":{"start":{"line":78,"column":4},"end":{"line":78,"column":84}},"27":{"start":{"line":80,"column":4},"end":{"line":80,"column":38}},"28":{"start":{"line":82,"column":4},"end":{"line":82,"column":14}},"29":{"start":{"line":83,"column":4},"end":{"line":83,"column":68}},"30":{"start":{"line":84,"column":4},"end":{"line":84,"column":20}},"31":{"start":{"line":96,"column":4},"end":{"line":96,"column":39}},"32":{"start":{"line":104,"column":4},"end":{"line":104,"column":39}},"33":{"start":{"line":111,"column":4},"end":{"line":111,"column":60}},"34":{"start":{"line":112,"column":4},"end":{"line":112,"column":40}},"35":{"start":{"line":119,"column":4},"end":{"line":119,"column":60}},"36":{"start":{"line":120,"column":4},"end":{"line":120,"column":40}},"37":{"start":{"line":130,"column":4},"end":{"line":130,"column":34}},"38":{"start":{"line":136,"column":4},"end":{"line":136,"column":38}},"39":{"start":{"line":142,"column":4},"end":{"line":142,"column":42}},"40":{"start":{"line":144,"column":4},"end":{"line":144,"column":77}},"41":{"start":{"line":145,"column":4},"end":{"line":145,"column":131}},"42":{"start":{"line":151,"column":4},"end":{"line":151,"column":53}},"43":{"start":{"line":157,"column":4},"end":{"line":157,"column":49}},"44":{"start":{"line":162,"column":4},"end":{"line":162,"column":46}},"45":{"start":{"line":167,"column":4},"end":{"line":167,"column":45}},"46":{"start":{"line":172,"column":4},"end":{"line":172,"column":55}},"47":{"start":{"line":177,"column":4},"end":{"line":177,"column":45}},"48":{"start":{"line":178,"column":4},"end":{"line":178,"column":59}},"49":{"start":{"line":179,"column":4},"end":{"line":179,"column":7357}},"50":{"start":{"line":180,"column":6},"end":{"line":180,"column":14}},"51":{"start":{"line":183,"column":4},"end":{"line":183,"column":43}},"52":{"start":{"line":191,"column":4},"end":{"line":191,"column":36}},"53":{"start":{"line":192,"column":4},"end":{"line":192,"column":32}},"54":{"start":{"line":193,"column":4},"end":{"line":193,"column":66}},"55":{"start":{"line":194,"column":4},"end":{"line":194,"column":56}},"56":{"start":{"line":196,"column":4},"end":{"line":196,"column":8033}},"57":{"start":{"line":197,"column":6},"end":{"line":197,"column":21}},"58":{"start":{"line":200,"column":4},"end":{"line":200,"column":8166}},"59":{"start":{"line":201,"column":6},"end":{"line":201,"column":36}},"60":{"start":{"line":204,"column":4},"end":{"line":204,"column":32}},"61":{"start":{"line":206,"column":4},"end":{"line":206,"column":34}},"62":{"start":{"line":208,"column":4},"end":{"line":208,"column":22}},"63":{"start":{"line":209,"column":4},"end":{"line":209,"column":8406}},"64":{"start":{"line":211,"column":6},"end":{"line":211,"column":73}},"65":{"start":{"line":214,"column":6},"end":{"line":214,"column":88}},"66":{"start":{"line":217,"column":4},"end":{"line":217,"column":57}},"67":{"start":{"line":223,"column":4},"end":{"line":223,"column":94}},"68":{"start":{"line":228,"column":4},"end":{"line":228,"column":26}},"69":{"start":{"line":243,"column":4},"end":{"line":243,"column":20}},"70":{"start":{"line":245,"column":4},"end":{"line":245,"column":23}},"71":{"start":{"line":247,"column":4},"end":{"line":247,"column":18}},"72":{"start":{"line":251,"column":4},"end":{"line":251,"column":18}},"73":{"start":{"line":254,"column":4},"end":{"line":254,"column":55}},"74":{"start":{"line":256,"column":4},"end":{"line":256,"column":77}},"75":{"start":{"line":261,"column":4},"end":{"line":261,"column":32}},"76":{"start":{"line":263,"column":4},"end":{"line":263,"column":32}},"77":{"start":{"line":264,"column":4},"end":{"line":264,"column":10980}},"78":{"start":{"line":265,"column":6},"end":{"line":265,"column":12}},"79":{"start":{"line":268,"column":4},"end":{"line":268,"column":36}},"80":{"start":{"line":269,"column":4},"end":{"line":269,"column":11107}},"81":{"start":{"line":270,"column":6},"end":{"line":270,"column":12}},"82":{"start":{"line":273,"column":4},"end":{"line":273,"column":32}},"83":{"start":{"line":275,"column":4},"end":{"line":275,"column":52}},"84":{"start":{"line":276,"column":4},"end":{"line":276,"column":25}},"85":{"start":{"line":278,"column":4},"end":{"line":278,"column":34}},"86":{"start":{"line":280,"column":4},"end":{"line":280,"column":65}},"87":{"start":{"line":281,"column":4},"end":{"line":281,"column":65}},"88":{"start":{"line":282,"column":4},"end":{"line":282,"column":18}},"89":{"start":{"line":283,"column":4},"end":{"line":283,"column":18}},"90":{"start":{"line":284,"column":4},"end":{"line":284,"column":11634}},"91":{"start":{"line":286,"column":6},"end":{"line":286,"column":18}},"92":{"start":{"line":287,"column":11},"end":{"line":287,"column":11714}},"93":{"start":{"line":289,"column":6},"end":{"line":289,"column":18}},"94":{"start":{"line":292,"column":6},"end":{"line":292,"column":54}},"95":{"start":{"line":293,"column":6},"end":{"line":293,"column":27}},"96":{"start":{"line":296,"column":4},"end":{"line":296,"column":22}},"97":{"start":{"line":298,"column":4},"end":{"line":298,"column":22}},"98":{"start":{"line":300,"column":4},"end":{"line":300,"column":86}},"99":{"start":{"line":301,"column":4},"end":{"line":301,"column":86}},"100":{"start":{"line":310,"column":4},"end":{"line":310,"column":66}},"101":{"start":{"line":311,"column":4},"end":{"line":311,"column":46}},"102":{"start":{"line":313,"column":4},"end":{"line":313,"column":12857}},"103":{"start":{"line":314,"column":6},"end":{"line":314,"column":25}},"104":{"start":{"line":316,"column":6},"end":{"line":316,"column":25}},"105":{"start":{"line":324,"column":4},"end":{"line":324,"column":13206}},"106":{"start":{"line":325,"column":6},"end":{"line":325,"column":39}},"107":{"start":{"line":326,"column":6},"end":{"line":326,"column":13275}},"108":{"start":{"line":331,"column":6},"end":{"line":331,"column":22}},"109":{"start":{"line":337,"column":4},"end":{"line":337,"column":24}},"110":{"start":{"line":338,"column":4},"end":{"line":338,"column":24}},"111":{"start":{"line":350,"column":4},"end":{"line":350,"column":17}},"112":{"start":{"line":352,"column":4},"end":{"line":352,"column":18}},"113":{"start":{"line":354,"column":4},"end":{"line":354,"column":18}},"114":{"start":{"line":356,"column":4},"end":{"line":356,"column":14568}},"115":{"start":{"line":357,"column":6},"end":{"line":357,"column":61}},"116":{"start":{"line":359,"column":4},"end":{"line":359,"column":36}},"117":{"start":{"line":360,"column":4},"end":{"line":360,"column":26}},"118":{"start":{"line":362,"column":4},"end":{"line":362,"column":61}},"119":{"start":{"line":366,"column":4},"end":{"line":366,"column":71}},"120":{"start":{"line":367,"column":4},"end":{"line":367,"column":15128}},"121":{"start":{"line":371,"column":6},"end":{"line":371,"column":92}},"122":{"start":{"line":374,"column":4},"end":{"line":374,"column":53}},"123":{"start":{"line":376,"column":4},"end":{"line":376,"column":60}},"124":{"start":{"line":379,"column":4},"end":{"line":379,"column":15742}},"125":{"start":{"line":380,"column":6},"end":{"line":380,"column":26}},"126":{"start":{"line":382,"column":6},"end":{"line":382,"column":26}},"127":{"start":{"line":388,"column":4},"end":{"line":388,"column":39}},"128":{"start":{"line":389,"column":4},"end":{"line":389,"column":16039}},"129":{"start":{"line":390,"column":6},"end":{"line":390,"column":74}},"130":{"start":{"line":392,"column":4},"end":{"line":392,"column":32}},"131":{"start":{"line":400,"column":4},"end":{"line":400,"column":73}},"132":{"start":{"line":401,"column":4},"end":{"line":401,"column":16640}},"133":{"start":{"line":403,"column":6},"end":{"line":403,"column":62}},"134":{"start":{"line":410,"column":4},"end":{"line":410,"column":62}},"135":{"start":{"line":411,"column":4},"end":{"line":411,"column":56}},"136":{"start":{"line":412,"column":4},"end":{"line":412,"column":36}},"137":{"start":{"line":413,"column":4},"end":{"line":413,"column":34}},"138":{"start":{"line":414,"column":4},"end":{"line":414,"column":34}},"139":{"start":{"line":417,"column":4},"end":{"line":417,"column":17283}},"140":{"start":{"line":419,"column":6},"end":{"line":419,"column":59}},"141":{"start":{"line":422,"column":4},"end":{"line":422,"column":17597}},"142":{"start":{"line":424,"column":6},"end":{"line":424,"column":59}},"143":{"start":{"line":430,"column":4},"end":{"line":430,"column":60}},"144":{"start":{"line":434,"column":4},"end":{"line":434,"column":49}},"145":{"start":{"line":441,"column":4},"end":{"line":441,"column":55}},"146":{"start":{"line":442,"column":4},"end":{"line":442,"column":18805}},"147":{"start":{"line":443,"column":6},"end":{"line":443,"column":51}},"148":{"start":{"line":445,"column":6},"end":{"line":445,"column":84}},"149":{"start":{"line":446,"column":6},"end":{"line":446,"column":19105}},"150":{"start":{"line":447,"column":8},"end":{"line":447,"column":87}},"151":{"start":{"line":454,"column":4},"end":{"line":454,"column":32}},"152":{"start":{"line":460,"column":4},"end":{"line":460,"column":19582}},"153":{"start":{"line":461,"column":6},"end":{"line":461,"column":21}},"154":{"start":{"line":463,"column":4},"end":{"line":463,"column":52}},"155":{"start":{"line":469,"column":4},"end":{"line":469,"column":60}},"156":{"start":{"line":478,"column":4},"end":{"line":478,"column":36}},"157":{"start":{"line":479,"column":4},"end":{"line":479,"column":56}},"158":{"start":{"line":480,"column":4},"end":{"line":480,"column":44}},"159":{"start":{"line":481,"column":4},"end":{"line":481,"column":20571}},"160":{"start":{"line":482,"column":6},"end":{"line":482,"column":39}},"161":{"start":{"line":484,"column":4},"end":{"line":484,"column":20742}},"162":{"start":{"line":502,"column":4},"end":{"line":502,"column":75}},"163":{"start":{"line":504,"column":4},"end":{"line":504,"column":26}},"164":{"start":{"line":505,"column":4},"end":{"line":505,"column":32}},"165":{"start":{"line":507,"column":4},"end":{"line":507,"column":22096}},"166":{"start":{"line":509,"column":6},"end":{"line":509,"column":57}},"167":{"start":{"line":510,"column":6},"end":{"line":510,"column":26}},"168":{"start":{"line":511,"column":6},"end":{"line":511,"column":53}},"169":{"start":{"line":513,"column":6},"end":{"line":513,"column":48}},"170":{"start":{"line":515,"column":6},"end":{"line":515,"column":45}},"171":{"start":{"line":516,"column":6},"end":{"line":516,"column":22504}},"172":{"start":{"line":517,"column":8},"end":{"line":517,"column":40}},"173":{"start":{"line":519,"column":8},"end":{"line":519,"column":68}},"174":{"start":{"line":521,"column":8},"end":{"line":521,"column":115}},"175":{"start":{"line":523,"column":8},"end":{"line":523,"column":49}},"176":{"start":{"line":524,"column":8},"end":{"line":524,"column":29}},"177":{"start":{"line":525,"column":8},"end":{"line":525,"column":23}},"178":{"start":{"line":526,"column":8},"end":{"line":526,"column":24}},"179":{"start":{"line":528,"column":8},"end":{"line":528,"column":94}},"180":{"start":{"line":530,"column":8},"end":{"line":530,"column":23248}},"181":{"start":{"line":540,"column":6},"end":{"line":540,"column":20}},"182":{"start":{"line":547,"column":6},"end":{"line":547,"column":31}},"183":{"start":{"line":551,"column":6},"end":{"line":551,"column":55}},"184":{"start":{"line":553,"column":6},"end":{"line":553,"column":24410}},"185":{"start":{"line":555,"column":8},"end":{"line":555,"column":37}},"186":{"start":{"line":561,"column":4},"end":{"line":561,"column":57}},"187":{"start":{"line":562,"column":4},"end":{"line":562,"column":70}},"188":{"start":{"line":563,"column":4},"end":{"line":563,"column":24892}},"189":{"start":{"line":565,"column":6},"end":{"line":565,"column":69}},"190":{"start":{"line":574,"column":4},"end":{"line":574,"column":75}},"191":{"start":{"line":575,"column":4},"end":{"line":575,"column":47}},"192":{"start":{"line":584,"column":4},"end":{"line":584,"column":29}},"193":{"start":{"line":589,"column":4},"end":{"line":589,"column":29}},"194":{"start":{"line":594,"column":4},"end":{"line":594,"column":30}},"195":{"start":{"line":599,"column":4},"end":{"line":599,"column":28}},"196":{"start":{"line":609,"column":4},"end":{"line":609,"column":48}},"197":{"start":{"line":610,"column":4},"end":{"line":610,"column":49}},"198":{"start":{"line":612,"column":4},"end":{"line":612,"column":36}},"199":{"start":{"line":613,"column":4},"end":{"line":613,"column":39}},"200":{"start":{"line":614,"column":4},"end":{"line":614,"column":62}},"201":{"start":{"line":616,"column":4},"end":{"line":616,"column":23}},"202":{"start":{"line":618,"column":4},"end":{"line":618,"column":37}},"203":{"start":{"line":620,"column":4},"end":{"line":620,"column":75}},"204":{"start":{"line":621,"column":4},"end":{"line":621,"column":36}},"205":{"start":{"line":623,"column":4},"end":{"line":623,"column":61}},"206":{"start":{"line":625,"column":4},"end":{"line":625,"column":88}},"207":{"start":{"line":627,"column":4},"end":{"line":627,"column":38}},"208":{"start":{"line":632,"column":4},"end":{"line":632,"column":65}},"209":{"start":{"line":637,"column":4},"end":{"line":637,"column":67}},"210":{"start":{"line":642,"column":4},"end":{"line":642,"column":61}},"211":{"start":{"line":647,"column":4},"end":{"line":647,"column":52}},"212":{"start":{"line":652,"column":4},"end":{"line":652,"column":69}},"213":{"start":{"line":657,"column":4},"end":{"line":657,"column":69}},"214":{"start":{"line":663,"column":4},"end":{"line":663,"column":37}},"215":{"start":{"line":671,"column":4},"end":{"line":671,"column":55}},"216":{"start":{"line":672,"column":4},"end":{"line":672,"column":38}},"217":{"start":{"line":673,"column":4},"end":{"line":673,"column":38}},"218":{"start":{"line":676,"column":4},"end":{"line":676,"column":29650}},"219":{"start":{"line":677,"column":6},"end":{"line":677,"column":74}},"220":{"start":{"line":678,"column":6},"end":{"line":678,"column":29790}},"221":{"start":{"line":679,"column":8},"end":{"line":679,"column":53}},"222":{"start":{"line":681,"column":6},"end":{"line":681,"column":29896}},"223":{"start":{"line":682,"column":8},"end":{"line":682,"column":53}},"224":{"start":{"line":687,"column":4},"end":{"line":687,"column":25}},"225":{"start":{"line":688,"column":4},"end":{"line":688,"column":25}},"226":{"start":{"line":691,"column":4},"end":{"line":691,"column":30147}},"227":{"start":{"line":692,"column":6},"end":{"line":692,"column":74}},"228":{"start":{"line":694,"column":6},"end":{"line":694,"column":73}},"229":{"start":{"line":695,"column":6},"end":{"line":695,"column":73}},"230":{"start":{"line":702,"column":4},"end":{"line":702,"column":73}},"231":{"start":{"line":703,"column":4},"end":{"line":703,"column":11}},"232":{"start":{"line":704,"column":4},"end":{"line":704,"column":26}},"233":{"start":{"line":705,"column":4},"end":{"line":705,"column":26}},"234":{"start":{"line":706,"column":4},"end":{"line":706,"column":26}},"235":{"start":{"line":707,"column":4},"end":{"line":707,"column":24}},"236":{"start":{"line":713,"column":4},"end":{"line":713,"column":73}},"237":{"start":{"line":714,"column":4},"end":{"line":714,"column":11}},"238":{"start":{"line":720,"column":4},"end":{"line":720,"column":73}},"239":{"start":{"line":721,"column":4},"end":{"line":721,"column":13}},"240":{"start":{"line":731,"column":4},"end":{"line":731,"column":58}},"241":{"start":{"line":736,"column":4},"end":{"line":736,"column":74}},"242":{"start":{"line":741,"column":4},"end":{"line":741,"column":98}},"243":{"start":{"line":750,"column":4},"end":{"line":750,"column":32643}},"244":{"start":{"line":751,"column":6},"end":{"line":751,"column":32697}},"245":{"start":{"line":752,"column":8},"end":{"line":752,"column":19}},"246":{"start":{"line":756,"column":4},"end":{"line":756,"column":16}}},"branchMap":{"1":{"line":111,"type":"if","locations":[{"start":{"line":111,"column":4},"end":{"line":111,"column":4}},{"start":{"line":111,"column":4},"end":{"line":111,"column":4}}]},"2":{"line":119,"type":"if","locations":[{"start":{"line":119,"column":4},"end":{"line":119,"column":4}},{"start":{"line":119,"column":4},"end":{"line":119,"column":4}}]},"3":{"line":179,"type":"if","locations":[{"start":{"line":179,"column":4},"end":{"line":179,"column":4}},{"start":{"line":179,"column":4},"end":{"line":179,"column":4}}]},"4":{"line":196,"type":"if","locations":[{"start":{"line":196,"column":4},"end":{"line":196,"column":4}},{"start":{"line":196,"column":4},"end":{"line":196,"column":4}}]},"5":{"line":200,"type":"if","locations":[{"start":{"line":200,"column":4},"end":{"line":200,"column":4}},{"start":{"line":200,"column":4},"end":{"line":200,"column":4}}]},"6":{"line":209,"type":"if","locations":[{"start":{"line":209,"column":4},"end":{"line":209,"column":4}},{"start":{"line":209,"column":4},"end":{"line":209,"column":4}}]},"7":{"line":264,"type":"if","locations":[{"start":{"line":264,"column":4},"end":{"line":264,"column":4}},{"start":{"line":264,"column":4},"end":{"line":264,"column":4}}]},"8":{"line":269,"type":"if","locations":[{"start":{"line":269,"column":4},"end":{"line":269,"column":4}},{"start":{"line":269,"column":4},"end":{"line":269,"column":4}}]},"9":{"line":284,"type":"if","locations":[{"start":{"line":284,"column":4},"end":{"line":284,"column":4}},{"start":{"line":284,"column":4},"end":{"line":284,"column":4}}]},"10":{"line":287,"type":"if","locations":[{"start":{"line":287,"column":11},"end":{"line":287,"column":11}},{"start":{"line":287,"column":11},"end":{"line":287,"column":11}}]},"11":{"line":313,"type":"if","locations":[{"start":{"line":313,"column":4},"end":{"line":313,"column":4}},{"start":{"line":313,"column":4},"end":{"line":313,"column":4}}]},"12":{"line":324,"type":"if","locations":[{"start":{"line":324,"column":4},"end":{"line":324,"column":4}},{"start":{"line":324,"column":4},"end":{"line":324,"column":4}}]},"13":{"line":356,"type":"if","locations":[{"start":{"line":356,"column":4},"end":{"line":356,"column":4}},{"start":{"line":356,"column":4},"end":{"line":356,"column":4}}]},"14":{"line":359,"type":"if","locations":[{"start":{"line":359,"column":4},"end":{"line":359,"column":4}},{"start":{"line":359,"column":4},"end":{"line":359,"column":4}}]},"15":{"line":367,"type":"if","locations":[{"start":{"line":367,"column":4},"end":{"line":367,"column":4}},{"start":{"line":367,"column":4},"end":{"line":367,"column":4}}]},"16":{"line":379,"type":"if","locations":[{"start":{"line":379,"column":4},"end":{"line":379,"column":4}},{"start":{"line":379,"column":4},"end":{"line":379,"column":4}}]},"17":{"line":389,"type":"if","locations":[{"start":{"line":389,"column":4},"end":{"line":389,"column":4}},{"start":{"line":389,"column":4},"end":{"line":389,"column":4}}]},"18":{"line":390,"type":"if","locations":[{"start":{"line":390,"column":6},"end":{"line":390,"column":6}},{"start":{"line":390,"column":6},"end":{"line":390,"column":6}}]},"19":{"line":401,"type":"if","locations":[{"start":{"line":401,"column":4},"end":{"line":401,"column":4}},{"start":{"line":401,"column":4},"end":{"line":401,"column":4}}]},"20":{"line":403,"type":"if","locations":[{"start":{"line":403,"column":6},"end":{"line":403,"column":6}},{"start":{"line":403,"column":6},"end":{"line":403,"column":6}}]},"21":{"line":417,"type":"if","locations":[{"start":{"line":417,"column":4},"end":{"line":417,"column":4}},{"start":{"line":417,"column":4},"end":{"line":417,"column":4}}]},"22":{"line":422,"type":"if","locations":[{"start":{"line":422,"column":4},"end":{"line":422,"column":4}},{"start":{"line":422,"column":4},"end":{"line":422,"column":4}}]},"23":{"line":446,"type":"if","locations":[{"start":{"line":446,"column":6},"end":{"line":446,"column":6}},{"start":{"line":446,"column":6},"end":{"line":446,"column":6}}]},"24":{"line":460,"type":"if","locations":[{"start":{"line":460,"column":4},"end":{"line":460,"column":4}},{"start":{"line":460,"column":4},"end":{"line":460,"column":4}}]},"25":{"line":481,"type":"if","locations":[{"start":{"line":481,"column":4},"end":{"line":481,"column":4}},{"start":{"line":481,"column":4},"end":{"line":481,"column":4}}]},"26":{"line":502,"type":"if","locations":[{"start":{"line":502,"column":4},"end":{"line":502,"column":4}},{"start":{"line":502,"column":4},"end":{"line":502,"column":4}}]},"27":{"line":507,"type":"if","locations":[{"start":{"line":507,"column":4},"end":{"line":507,"column":4}},{"start":{"line":507,"column":4},"end":{"line":507,"column":4}}]},"28":{"line":521,"type":"if","locations":[{"start":{"line":521,"column":8},"end":{"line":521,"column":8}},{"start":{"line":521,"column":8},"end":{"line":521,"column":8}}]},"29":{"line":553,"type":"if","locations":[{"start":{"line":553,"column":6},"end":{"line":553,"column":6}},{"start":{"line":553,"column":6},"end":{"line":553,"column":6}}]},"30":{"line":563,"type":"if","locations":[{"start":{"line":563,"column":4},"end":{"line":563,"column":4}},{"start":{"line":563,"column":4},"end":{"line":563,"column":4}}]},"31":{"line":574,"type":"if","locations":[{"start":{"line":574,"column":4},"end":{"line":574,"column":4}},{"start":{"line":574,"column":4},"end":{"line":574,"column":4}}]},"32":{"line":609,"type":"if","locations":[{"start":{"line":609,"column":4},"end":{"line":609,"column":4}},{"start":{"line":609,"column":4},"end":{"line":609,"column":4}}]},"33":{"line":632,"type":"if","locations":[{"start":{"line":632,"column":4},"end":{"line":632,"column":4}},{"start":{"line":632,"column":4},"end":{"line":632,"column":4}}]},"34":{"line":637,"type":"if","locations":[{"start":{"line":637,"column":4},"end":{"line":637,"column":4}},{"start":{"line":637,"column":4},"end":{"line":637,"column":4}}]},"35":{"line":642,"type":"if","locations":[{"start":{"line":642,"column":4},"end":{"line":642,"column":4}},{"start":{"line":642,"column":4},"end":{"line":642,"column":4}}]},"36":{"line":647,"type":"if","locations":[{"start":{"line":647,"column":4},"end":{"line":647,"column":4}},{"start":{"line":647,"column":4},"end":{"line":647,"column":4}}]},"37":{"line":652,"type":"if","locations":[{"start":{"line":652,"column":4},"end":{"line":652,"column":4}},{"start":{"line":652,"column":4},"end":{"line":652,"column":4}}]},"38":{"line":657,"type":"if","locations":[{"start":{"line":657,"column":4},"end":{"line":657,"column":4}},{"start":{"line":657,"column":4},"end":{"line":657,"column":4}}]},"39":{"line":678,"type":"if","locations":[{"start":{"line":678,"column":6},"end":{"line":678,"column":6}},{"start":{"line":678,"column":6},"end":{"line":678,"column":6}}]},"40":{"line":681,"type":"if","locations":[{"start":{"line":681,"column":6},"end":{"line":681,"column":6}},{"start":{"line":681,"column":6},"end":{"line":681,"column":6}}]},"41":{"line":702,"type":"if","locations":[{"start":{"line":702,"column":4},"end":{"line":702,"column":4}},{"start":{"line":702,"column":4},"end":{"line":702,"column":4}}]},"42":{"line":713,"type":"if","locations":[{"start":{"line":713,"column":4},"end":{"line":713,"column":4}},{"start":{"line":713,"column":4},"end":{"line":713,"column":4}}]},"43":{"line":720,"type":"if","locations":[{"start":{"line":720,"column":4},"end":{"line":720,"column":4}},{"start":{"line":720,"column":4},"end":{"line":720,"column":4}}]},"44":{"line":741,"type":"if","locations":[{"start":{"line":741,"column":4},"end":{"line":741,"column":4}},{"start":{"line":741,"column":4},"end":{"line":741,"column":4}}]},"45":{"line":751,"type":"if","locations":[{"start":{"line":751,"column":6},"end":{"line":751,"column":6}},{"start":{"line":751,"column":6},"end":{"line":751,"column":6}}]}}},"contracts/IdleCDOStorage.sol":{"l":{},"path":"/home/bugman/Projects/idle/idle-utils/contracts/IdleCDOStorage.sol","s":{},"b":{},"f":{},"fnMap":{},"statementMap":{},"branchMap":{}},"contracts/IdleCDOTranche.sol":{"l":{"18":513,"24":112,"25":111,"31":14,"32":13},"path":"/home/bugman/Projects/idle/idle-utils/contracts/IdleCDOTranche.sol","s":{"1":513,"2":112,"3":111,"4":14,"5":13},"b":{"1":[111,1],"2":[13,1]},"f":{"1":513,"2":112,"3":14},"fnMap":{"1":{"name":"constructor","line":16,"loc":{"start":{"line":13,"column":2},"end":{"line":19,"column":2}}},"2":{"name":"mint","line":23,"loc":{"start":{"line":23,"column":2},"end":{"line":26,"column":2}}},"3":{"name":"burn","line":30,"loc":{"start":{"line":30,"column":2},"end":{"line":33,"column":2}}}},"statementMap":{"1":{"start":{"line":18,"column":4},"end":{"line":18,"column":22}},"2":{"start":{"line":24,"column":4},"end":{"line":24,"column":49}},"3":{"start":{"line":25,"column":4},"end":{"line":25,"column":25}},"4":{"start":{"line":31,"column":4},"end":{"line":31,"column":49}},"5":{"start":{"line":32,"column":4},"end":{"line":32,"column":25}}},"branchMap":{"1":{"line":24,"type":"if","locations":[{"start":{"line":24,"column":4},"end":{"line":24,"column":4}},{"start":{"line":24,"column":4},"end":{"line":24,"column":4}}]},"2":{"line":31,"type":"if","locations":[{"start":{"line":31,"column":4},"end":{"line":31,"column":4}},{"start":{"line":31,"column":4},"end":{"line":31,"column":4}}]}}},"contracts/IdleCDOTrancheRewards.sol":{"l":{"33":564,"34":564,"35":564,"37":564,"39":564,"40":564,"41":564,"42":564,"43":564,"49":15,"51":15,"52":15,"53":15,"54":15,"60":8,"62":6,"65":1,"66":1,"67":1,"68":1,"72":5,"76":6,"77":6,"78":6,"84":3,"89":8,"90":8,"91":8,"92":8,"93":8,"94":8,"95":2,"98":8,"99":8,"108":43,"109":42,"116":17,"117":16,"119":15,"120":15,"122":10,"128":1,"135":15,"136":15,"137":15,"138":15,"140":15,"141":15,"142":15,"144":10,"146":5,"148":5,"161":59,"162":59,"163":57,"167":2,"172":2,"173":1,"174":1,"179":5,"185":1},"path":"/home/bugman/Projects/idle/idle-utils/contracts/IdleCDOTrancheRewards.sol","s":{"1":564,"2":564,"3":564,"4":564,"5":564,"6":564,"7":564,"8":564,"9":564,"10":15,"11":15,"12":15,"13":15,"14":15,"15":8,"16":6,"17":1,"18":1,"19":1,"20":1,"21":5,"22":6,"23":6,"24":6,"25":3,"26":8,"27":8,"28":8,"29":8,"30":8,"31":8,"32":2,"33":8,"34":8,"35":43,"36":42,"37":17,"38":16,"39":15,"40":15,"41":10,"42":1,"43":15,"44":15,"45":15,"46":15,"47":15,"48":15,"49":15,"50":10,"51":5,"52":5,"53":59,"54":59,"55":57,"56":2,"57":2,"58":1,"59":1,"60":5,"61":1},"b":{"1":[6,2],"2":[1,5],"3":[2,6],"4":[42,1],"5":[16,1],"6":[15,1],"7":[10,5],"8":[10,5],"9":[57,2],"10":[1,1]},"f":{"1":564,"2":15,"3":8,"4":3,"5":8,"6":43,"7":17,"8":1,"9":15,"10":59,"11":2,"12":5,"13":1},"fnMap":{"1":{"name":"initialize","line":32,"loc":{"start":{"line":29,"column":2},"end":{"line":44,"column":2}}},"2":{"name":"stake","line":48,"loc":{"start":{"line":48,"column":2},"end":{"line":55,"column":2}}},"3":{"name":"unstake","line":59,"loc":{"start":{"line":59,"column":2},"end":{"line":79,"column":2}}},"4":{"name":"claim","line":83,"loc":{"start":{"line":83,"column":2},"end":{"line":85,"column":2}}},"5":{"name":"_claim","line":88,"loc":{"start":{"line":88,"column":2},"end":{"line":101,"column":2}}},"6":{"name":"expectedUserReward","line":107,"loc":{"start":{"line":107,"column":2},"end":{"line":110,"column":2}}},"7":{"name":"depositReward","line":115,"loc":{"start":{"line":115,"column":2},"end":{"line":124,"column":2}}},"8":{"name":"setCoolingPeriod","line":127,"loc":{"start":{"line":127,"column":2},"end":{"line":129,"column":2}}},"9":{"name":"_updateUserIdx","line":134,"loc":{"start":{"line":134,"column":2},"end":{"line":153,"column":2}}},"10":{"name":"_includesAddress","line":160,"loc":{"start":{"line":160,"column":2},"end":{"line":168,"column":2}}},"11":{"name":"transferToken","line":171,"loc":{"start":{"line":171,"column":2},"end":{"line":175,"column":2}}},"12":{"name":"pause","line":178,"loc":{"start":{"line":178,"column":2},"end":{"line":180,"column":2}}},"13":{"name":"unpause","line":184,"loc":{"start":{"line":184,"column":2},"end":{"line":186,"column":2}}}},"statementMap":{"1":{"start":{"line":33,"column":4},"end":{"line":33,"column":38}},"2":{"start":{"line":34,"column":4},"end":{"line":34,"column":54}},"3":{"start":{"line":35,"column":4},"end":{"line":35,"column":40}},"4":{"start":{"line":37,"column":4},"end":{"line":37,"column":28}},"5":{"start":{"line":39,"column":4},"end":{"line":39,"column":21}},"6":{"start":{"line":40,"column":4},"end":{"line":40,"column":26}},"7":{"start":{"line":41,"column":4},"end":{"line":41,"column":21}},"8":{"start":{"line":42,"column":4},"end":{"line":42,"column":51}},"9":{"start":{"line":43,"column":4},"end":{"line":43,"column":33}},"10":{"start":{"line":49,"column":4},"end":{"line":49,"column":45}},"11":{"start":{"line":51,"column":4},"end":{"line":51,"column":38}},"12":{"start":{"line":52,"column":4},"end":{"line":52,"column":37}},"13":{"start":{"line":53,"column":4},"end":{"line":53,"column":79}},"14":{"start":{"line":54,"column":4},"end":{"line":54,"column":25}},"15":{"start":{"line":60,"column":4},"end":{"line":60,"column":88}},"16":{"start":{"line":62,"column":4},"end":{"line":62,"column":2651}},"17":{"start":{"line":65,"column":6},"end":{"line":65,"column":20}},"18":{"start":{"line":66,"column":6},"end":{"line":66,"column":2840}},"19":{"start":{"line":67,"column":8},"end":{"line":67,"column":26}},"20":{"start":{"line":68,"column":8},"end":{"line":68,"column":64}},"21":{"start":{"line":72,"column":6},"end":{"line":72,"column":13}},"22":{"start":{"line":76,"column":4},"end":{"line":76,"column":37}},"23":{"start":{"line":77,"column":4},"end":{"line":77,"column":60}},"24":{"start":{"line":78,"column":4},"end":{"line":78,"column":25}},"25":{"start":{"line":84,"column":4},"end":{"line":84,"column":11}},"26":{"start":{"line":89,"column":4},"end":{"line":89,"column":39}},"27":{"start":{"line":90,"column":4},"end":{"line":90,"column":3580}},"28":{"start":{"line":91,"column":6},"end":{"line":91,"column":34}},"29":{"start":{"line":92,"column":6},"end":{"line":92,"column":61}},"30":{"start":{"line":93,"column":6},"end":{"line":93,"column":71}},"31":{"start":{"line":94,"column":6},"end":{"line":94,"column":3808}},"32":{"start":{"line":95,"column":8},"end":{"line":95,"column":23}},"33":{"start":{"line":98,"column":6},"end":{"line":98,"column":62}},"34":{"start":{"line":99,"column":6},"end":{"line":99,"column":60}},"35":{"start":{"line":108,"column":4},"end":{"line":108,"column":59}},"36":{"start":{"line":109,"column":4},"end":{"line":109,"column":106}},"37":{"start":{"line":116,"column":4},"end":{"line":116,"column":42}},"38":{"start":{"line":117,"column":4},"end":{"line":117,"column":60}},"39":{"start":{"line":119,"column":4},"end":{"line":119,"column":79}},"40":{"start":{"line":120,"column":4},"end":{"line":120,"column":4943}},"41":{"start":{"line":122,"column":6},"end":{"line":122,"column":73}},"42":{"start":{"line":128,"column":4},"end":{"line":128,"column":36}},"43":{"start":{"line":135,"column":4},"end":{"line":135,"column":39}},"44":{"start":{"line":136,"column":4},"end":{"line":136,"column":21}},"45":{"start":{"line":137,"column":4},"end":{"line":137,"column":18}},"46":{"start":{"line":138,"column":4},"end":{"line":138,"column":43}},"47":{"start":{"line":140,"column":4},"end":{"line":140,"column":5686}},"48":{"start":{"line":141,"column":6},"end":{"line":141,"column":25}},"49":{"start":{"line":142,"column":6},"end":{"line":142,"column":5770}},"50":{"start":{"line":144,"column":8},"end":{"line":144,"column":59}},"51":{"start":{"line":146,"column":8},"end":{"line":146,"column":46}},"52":{"start":{"line":148,"column":8},"end":{"line":148,"column":6023}},"53":{"start":{"line":161,"column":4},"end":{"line":161,"column":6666}},"54":{"start":{"line":162,"column":6},"end":{"line":162,"column":6720}},"55":{"start":{"line":163,"column":8},"end":{"line":163,"column":19}},"56":{"start":{"line":167,"column":4},"end":{"line":167,"column":16}},"57":{"start":{"line":172,"column":4},"end":{"line":172,"column":47}},"58":{"start":{"line":173,"column":4},"end":{"line":173,"column":68}},"59":{"start":{"line":174,"column":4},"end":{"line":174,"column":15}},"60":{"start":{"line":179,"column":4},"end":{"line":179,"column":11}},"61":{"start":{"line":185,"column":4},"end":{"line":185,"column":13}}},"branchMap":{"1":{"line":60,"type":"if","locations":[{"start":{"line":60,"column":4},"end":{"line":60,"column":4}},{"start":{"line":60,"column":4},"end":{"line":60,"column":4}}]},"2":{"line":62,"type":"if","locations":[{"start":{"line":62,"column":4},"end":{"line":62,"column":4}},{"start":{"line":62,"column":4},"end":{"line":62,"column":4}}]},"3":{"line":94,"type":"if","locations":[{"start":{"line":94,"column":6},"end":{"line":94,"column":6}},{"start":{"line":94,"column":6},"end":{"line":94,"column":6}}]},"4":{"line":108,"type":"if","locations":[{"start":{"line":108,"column":4},"end":{"line":108,"column":4}},{"start":{"line":108,"column":4},"end":{"line":108,"column":4}}]},"5":{"line":116,"type":"if","locations":[{"start":{"line":116,"column":4},"end":{"line":116,"column":4}},{"start":{"line":116,"column":4},"end":{"line":116,"column":4}}]},"6":{"line":117,"type":"if","locations":[{"start":{"line":117,"column":4},"end":{"line":117,"column":4}},{"start":{"line":117,"column":4},"end":{"line":117,"column":4}}]},"7":{"line":120,"type":"if","locations":[{"start":{"line":120,"column":4},"end":{"line":120,"column":4}},{"start":{"line":120,"column":4},"end":{"line":120,"column":4}}]},"8":{"line":142,"type":"if","locations":[{"start":{"line":142,"column":6},"end":{"line":142,"column":6}},{"start":{"line":142,"column":6},"end":{"line":142,"column":6}}]},"9":{"line":162,"type":"if","locations":[{"start":{"line":162,"column":6},"end":{"line":162,"column":6}},{"start":{"line":162,"column":6},"end":{"line":162,"column":6}}]},"10":{"line":172,"type":"if","locations":[{"start":{"line":172,"column":4},"end":{"line":172,"column":4}},{"start":{"line":172,"column":4},"end":{"line":172,"column":4}}]}}},"contracts/IdleCDOTrancheRewardsStorage.sol":{"l":{},"path":"/home/bugman/Projects/idle/idle-utils/contracts/IdleCDOTrancheRewardsStorage.sol","s":{},"b":{},"f":{},"fnMap":{},"statementMap":{},"branchMap":{}},"contracts/IdleStrategy.sol":{"l":{"47":540,"48":540,"50":540,"51":540,"52":540,"53":540,"54":540,"55":540,"56":540,"58":540,"69":51,"70":51,"72":51,"74":51,"76":51,"84":2,"91":28,"93":28,"94":28,"95":27,"97":27,"99":27,"101":27,"111":16,"122":44,"123":44,"124":13,"126":13,"127":13,"129":12,"138":18,"139":17,"141":17,"143":17,"145":17,"147":17,"158":682,"163":8,"164":8,"167":8,"172":28,"185":1},"path":"/home/bugman/Projects/idle/idle-utils/contracts/IdleStrategy.sol","s":{"1":540,"2":540,"3":540,"4":540,"5":540,"6":540,"7":540,"8":540,"9":540,"10":540,"11":51,"12":51,"13":51,"14":51,"15":51,"16":2,"17":28,"18":28,"19":28,"20":27,"21":27,"22":27,"23":27,"24":16,"25":44,"26":44,"27":13,"28":13,"29":13,"30":12,"31":18,"32":17,"33":17,"34":17,"35":17,"36":17,"37":682,"38":8,"39":8,"40":8,"41":28,"42":1},"b":{"1":[51,0],"2":[27,1],"3":[12,1],"4":[17,1]},"f":{"1":540,"2":51,"3":2,"4":28,"5":16,"6":44,"7":18,"8":682,"9":8,"10":28,"11":1},"fnMap":{"1":{"name":"initialize","line":45,"loc":{"start":{"line":45,"column":2},"end":{"line":59,"column":2}}},"2":{"name":"deposit","line":68,"loc":{"start":{"line":68,"column":2},"end":{"line":78,"column":2}}},"3":{"name":"redeem","line":83,"loc":{"start":{"line":83,"column":2},"end":{"line":85,"column":2}}},"4":{"name":"redeemRewards","line":90,"loc":{"start":{"line":90,"column":2},"end":{"line":103,"column":2}}},"5":{"name":"redeemUnderlying","line":109,"loc":{"start":{"line":109,"column":2},"end":{"line":112,"column":2}}},"6":{"name":"_withdrawGovToken","line":121,"loc":{"start":{"line":121,"column":2},"end":{"line":132,"column":2}}},"7":{"name":"_redeem","line":137,"loc":{"start":{"line":137,"column":2},"end":{"line":149,"column":2}}},"8":{"name":"price","line":156,"loc":{"start":{"line":156,"column":2},"end":{"line":159,"column":2}}},"9":{"name":"getApr","line":162,"loc":{"start":{"line":162,"column":2},"end":{"line":168,"column":2}}},"10":{"name":"getRewardTokens","line":171,"loc":{"start":{"line":171,"column":2},"end":{"line":173,"column":2}}},"11":{"name":"transferToken","line":184,"loc":{"start":{"line":184,"column":2},"end":{"line":186,"column":2}}}},"statementMap":{"1":{"start":{"line":47,"column":4},"end":{"line":47,"column":38}},"2":{"start":{"line":48,"column":4},"end":{"line":48,"column":54}},"3":{"start":{"line":50,"column":4},"end":{"line":50,"column":33}},"4":{"start":{"line":51,"column":4},"end":{"line":51,"column":45}},"5":{"start":{"line":52,"column":4},"end":{"line":52,"column":51}},"6":{"start":{"line":53,"column":4},"end":{"line":53,"column":33}},"7":{"start":{"line":54,"column":4},"end":{"line":54,"column":41}},"8":{"start":{"line":55,"column":4},"end":{"line":55,"column":42}},"9":{"start":{"line":56,"column":4},"end":{"line":56,"column":65}},"10":{"start":{"line":58,"column":4},"end":{"line":58,"column":28}},"11":{"start":{"line":69,"column":4},"end":{"line":69,"column":2824}},"12":{"start":{"line":70,"column":6},"end":{"line":70,"column":39}},"13":{"start":{"line":72,"column":6},"end":{"line":72,"column":73}},"14":{"start":{"line":74,"column":6},"end":{"line":74,"column":65}},"15":{"start":{"line":76,"column":6},"end":{"line":76,"column":44}},"16":{"start":{"line":84,"column":4},"end":{"line":84,"column":27}},"17":{"start":{"line":91,"column":4},"end":{"line":91,"column":37}},"18":{"start":{"line":93,"column":4},"end":{"line":93,"column":50}},"19":{"start":{"line":94,"column":4},"end":{"line":94,"column":3937}},"20":{"start":{"line":95,"column":6},"end":{"line":95,"column":60}},"21":{"start":{"line":97,"column":6},"end":{"line":97,"column":34}},"22":{"start":{"line":99,"column":6},"end":{"line":99,"column":41}},"23":{"start":{"line":101,"column":6},"end":{"line":101,"column":34}},"24":{"start":{"line":111,"column":4},"end":{"line":111,"column":54}},"25":{"start":{"line":122,"column":4},"end":{"line":122,"column":58}},"26":{"start":{"line":123,"column":4},"end":{"line":123,"column":5053}},"27":{"start":{"line":124,"column":6},"end":{"line":124,"column":61}},"28":{"start":{"line":126,"column":6},"end":{"line":126,"column":53}},"29":{"start":{"line":127,"column":6},"end":{"line":127,"column":5271}},"30":{"start":{"line":129,"column":8},"end":{"line":129,"column":38}},"31":{"start":{"line":138,"column":4},"end":{"line":138,"column":5661}},"32":{"start":{"line":139,"column":6},"end":{"line":139,"column":39}},"33":{"start":{"line":141,"column":6},"end":{"line":141,"column":64}},"34":{"start":{"line":143,"column":6},"end":{"line":143,"column":51}},"35":{"start":{"line":145,"column":6},"end":{"line":145,"column":55}},"36":{"start":{"line":147,"column":6},"end":{"line":147,"column":34}},"37":{"start":{"line":158,"column":4},"end":{"line":158,"column":50}},"38":{"start":{"line":163,"column":4},"end":{"line":163,"column":37}},"39":{"start":{"line":164,"column":4},"end":{"line":164,"column":31}},"40":{"start":{"line":167,"column":4},"end":{"line":167,"column":41}},"41":{"start":{"line":172,"column":4},"end":{"line":172,"column":35}},"42":{"start":{"line":185,"column":4},"end":{"line":185,"column":50}}},"branchMap":{"1":{"line":69,"type":"if","locations":[{"start":{"line":69,"column":4},"end":{"line":69,"column":4}},{"start":{"line":69,"column":4},"end":{"line":69,"column":4}}]},"2":{"line":94,"type":"if","locations":[{"start":{"line":94,"column":4},"end":{"line":94,"column":4}},{"start":{"line":94,"column":4},"end":{"line":94,"column":4}}]},"3":{"line":127,"type":"if","locations":[{"start":{"line":127,"column":6},"end":{"line":127,"column":6}},{"start":{"line":127,"column":6},"end":{"line":127,"column":6}}]},"4":{"line":138,"type":"if","locations":[{"start":{"line":138,"column":4},"end":{"line":138,"column":4}},{"start":{"line":138,"column":4},"end":{"line":138,"column":4}}]}}},"contracts/interfaces/ICToken.sol":{"l":{},"path":"/home/bugman/Projects/idle/idle-utils/contracts/interfaces/ICToken.sol","s":{},"b":{},"f":{},"fnMap":{},"statementMap":{},"branchMap":{}},"contracts/interfaces/IERC20Detailed.sol":{"l":{},"path":"/home/bugman/Projects/idle/idle-utils/contracts/interfaces/IERC20Detailed.sol","s":{},"b":{},"f":{},"fnMap":{},"statementMap":{},"branchMap":{}},"contracts/interfaces/IIdleCDO.sol":{"l":{},"path":"/home/bugman/Projects/idle/idle-utils/contracts/interfaces/IIdleCDO.sol","s":{},"b":{},"f":{},"fnMap":{},"statementMap":{},"branchMap":{}},"contracts/interfaces/IIdleCDOStrategy.sol":{"l":{},"path":"/home/bugman/Projects/idle/idle-utils/contracts/interfaces/IIdleCDOStrategy.sol","s":{},"b":{},"f":{},"fnMap":{},"statementMap":{},"branchMap":{}},"contracts/interfaces/IIdleCDOTrancheRewards.sol":{"l":{},"path":"/home/bugman/Projects/idle/idle-utils/contracts/interfaces/IIdleCDOTrancheRewards.sol","s":{},"b":{},"f":{},"fnMap":{},"statementMap":{},"branchMap":{}},"contracts/interfaces/IIdleToken.sol":{"l":{},"path":"/home/bugman/Projects/idle/idle-utils/contracts/interfaces/IIdleToken.sol","s":{},"b":{},"f":{},"fnMap":{},"statementMap":{},"branchMap":{}},"contracts/interfaces/IIdleTokenHelper.sol":{"l":{},"path":"/home/bugman/Projects/idle/idle-utils/contracts/interfaces/IIdleTokenHelper.sol","s":{},"b":{},"f":{},"fnMap":{},"statementMap":{},"branchMap":{}}}