{"contracts/GuardedLaunchUpgradable.sol":{"l":{"26":252,"27":252,"29":252,"30":252,"32":252,"33":252,"35":252,"42":89,"43":2,"45":87,"54":4,"61":1},"path":"/home/bugman/Projects/idle/idle-utils/contracts/GuardedLaunchUpgradable.sol","s":{"1":252,"2":252,"3":252,"4":252,"5":252,"6":252,"7":252,"8":89,"9":2,"10":87,"11":4,"12":1},"b":{"1":[252,0],"2":[252,0],"3":[2,87],"4":[85,2]},"f":{"1":252,"2":89,"3":4,"4":1},"fnMap":{"1":{"name":"__GuardedLaunch_init","line":25,"loc":{"start":{"line":25,"column":2},"end":{"line":36,"column":2}}},"2":{"name":"_guarded","line":41,"loc":{"start":{"line":41,"column":2},"end":{"line":46,"column":2}}},"3":{"name":"_setLimit","line":53,"loc":{"start":{"line":53,"column":2},"end":{"line":55,"column":2}}},"4":{"name":"transferToken","line":60,"loc":{"start":{"line":60,"column":2},"end":{"line":62,"column":2}}}},"statementMap":{"1":{"start":{"line":26,"column":4},"end":{"line":26,"column":57}},"2":{"start":{"line":27,"column":4},"end":{"line":27,"column":40}},"3":{"start":{"line":29,"column":4},"end":{"line":29,"column":38}},"4":{"start":{"line":30,"column":4},"end":{"line":30,"column":54}},"5":{"start":{"line":32,"column":4},"end":{"line":32,"column":17}},"6":{"start":{"line":33,"column":4},"end":{"line":33,"column":51}},"7":{"start":{"line":35,"column":4},"end":{"line":35,"column":28}},"8":{"start":{"line":42,"column":4},"end":{"line":42,"column":1976}},"9":{"start":{"line":43,"column":6},"end":{"line":43,"column":12}},"10":{"start":{"line":45,"column":4},"end":{"line":45,"column":67}},"11":{"start":{"line":54,"column":4},"end":{"line":54,"column":17}},"12":{"start":{"line":61,"column":4},"end":{"line":61,"column":73}}},"branchMap":{"1":{"line":26,"type":"if","locations":[{"start":{"line":26,"column":4},"end":{"line":26,"column":4}},{"start":{"line":26,"column":4},"end":{"line":26,"column":4}}]},"2":{"line":27,"type":"if","locations":[{"start":{"line":27,"column":4},"end":{"line":27,"column":4}},{"start":{"line":27,"column":4},"end":{"line":27,"column":4}}]},"3":{"line":42,"type":"if","locations":[{"start":{"line":42,"column":4},"end":{"line":42,"column":4}},{"start":{"line":42,"column":4},"end":{"line":42,"column":4}}]},"4":{"line":45,"type":"if","locations":[{"start":{"line":45,"column":4},"end":{"line":45,"column":4}},{"start":{"line":45,"column":4},"end":{"line":45,"column":4}}]}}},"contracts/IdleCDO.sol":{"l":{"27":3,"53":252,"55":252,"57":252,"59":252,"61":252,"63":252,"64":252,"66":252,"67":252,"68":252,"69":252,"70":252,"71":252,"72":252,"73":252,"74":252,"75":252,"76":252,"77":252,"78":252,"79":252,"80":252,"81":252,"82":252,"84":252,"85":252,"86":252,"89":252,"90":252,"92":252,"94":252,"95":252,"96":252,"108":46,"116":43,"123":9,"124":8,"131":8,"132":7,"142":4,"148":15,"155":309,"156":309,"160":309,"166":2,"172":4,"177":7,"182":665,"187":27,"196":31,"197":31,"198":31,"199":3,"202":28,"217":76,"218":76,"219":76,"221":76,"222":26,"226":50,"227":4,"230":46,"232":46,"234":46,"236":46,"237":46,"240":25,"244":21,"247":46,"255":66,"261":2,"277":89,"279":87,"281":87,"285":85,"287":85,"289":85,"305":123,"307":123,"308":123,"309":54,"312":69,"314":69,"315":37,"318":32,"320":32,"321":32,"324":32,"327":32,"328":32,"329":32,"330":32,"331":32,"333":12,"336":9,"339":11,"340":11,"343":32,"345":32,"348":32,"349":32,"359":109,"360":109,"362":109,"363":60,"365":49,"375":25,"376":25,"377":24,"378":24,"383":24,"392":25,"393":25,"406":15,"408":15,"410":13,"412":13,"413":6,"415":13,"416":13,"418":13,"422":13,"423":13,"427":13,"430":12,"432":12,"435":12,"436":6,"438":6,"444":102,"445":102,"446":100,"448":98,"456":15,"457":15,"459":15,"468":3,"469":3,"470":3,"471":3,"472":3,"475":3,"477":1,"480":2,"482":1,"488":1,"492":1,"499":4,"500":4,"501":4,"504":4,"505":4,"507":4,"514":199,"520":117,"521":95,"523":22,"529":28,"538":6,"539":6,"540":6,"541":6,"543":2,"545":4,"574":74,"576":73,"577":73,"579":73,"581":26,"582":26,"583":26,"585":26,"587":26,"588":26,"589":10,"591":10,"593":10,"595":1,"596":1,"597":1,"598":1,"600":1,"602":1,"612":25,"617":25,"621":25,"623":25,"625":3,"631":72,"632":72,"633":72,"635":46,"645":3,"646":2,"655":2,"660":2,"665":1,"670":1,"681":2,"682":1,"684":1,"685":1,"686":1,"688":1,"690":1,"692":1,"693":1,"695":1,"697":1,"699":1,"704":4,"709":10,"714":5,"719":2,"724":91,"729":2,"735":2,"743":86,"744":86,"745":86,"748":86,"749":86,"750":86,"751":2,"753":86,"754":2,"759":86,"760":86,"763":86,"764":86,"766":86,"767":86,"774":8,"776":6,"778":6,"779":6,"782":6,"783":6,"789":4,"790":4,"796":2,"797":2,"808":717,"813":87,"818":15,"827":2,"828":1,"829":1,"833":1,"841":1008},"path":"/home/bugman/Projects/idle/idle-utils/contracts/IdleCDO.sol","s":{"1":3,"2":252,"3":252,"4":252,"5":252,"6":252,"7":252,"8":252,"9":252,"10":252,"11":252,"12":252,"13":252,"14":252,"15":252,"16":252,"17":252,"18":252,"19":252,"20":252,"21":252,"22":252,"23":252,"24":252,"25":252,"26":252,"27":252,"28":252,"29":252,"30":252,"31":252,"32":252,"33":252,"34":252,"35":46,"36":43,"37":9,"38":8,"39":8,"40":7,"41":4,"42":15,"43":309,"44":309,"45":309,"46":2,"47":4,"48":7,"49":665,"50":27,"51":31,"52":31,"53":31,"54":3,"55":28,"56":76,"57":76,"58":76,"59":76,"60":26,"61":50,"62":4,"63":46,"64":46,"65":46,"66":46,"67":46,"68":25,"69":21,"70":46,"71":66,"72":2,"73":89,"74":87,"75":87,"76":85,"77":85,"78":85,"79":123,"80":123,"81":123,"82":54,"83":69,"84":69,"85":37,"86":32,"87":32,"88":32,"89":32,"90":32,"91":32,"92":32,"93":32,"94":32,"95":12,"96":20,"97":9,"98":11,"99":11,"100":32,"101":32,"102":32,"103":32,"104":109,"105":109,"106":109,"107":60,"108":49,"109":25,"110":25,"111":24,"112":24,"113":24,"114":25,"115":25,"116":15,"117":15,"118":13,"119":13,"120":6,"121":13,"122":13,"123":13,"124":13,"125":13,"126":13,"127":12,"128":12,"129":12,"130":6,"131":6,"132":102,"133":102,"134":100,"135":98,"136":15,"137":15,"138":15,"139":3,"140":3,"141":3,"142":3,"143":3,"144":3,"145":1,"146":2,"147":1,"148":1,"149":1,"150":4,"151":4,"152":4,"153":4,"154":4,"155":4,"156":199,"157":117,"158":95,"159":22,"160":28,"161":6,"162":6,"163":6,"164":6,"165":2,"166":4,"167":74,"168":73,"169":73,"170":73,"171":26,"172":26,"173":26,"174":26,"175":26,"176":26,"177":10,"178":10,"179":10,"180":1,"181":1,"182":1,"183":1,"184":1,"185":1,"186":25,"187":25,"188":25,"189":25,"190":3,"191":72,"192":72,"193":72,"194":46,"195":3,"196":2,"197":2,"198":2,"199":1,"200":1,"201":2,"202":1,"203":1,"204":1,"205":1,"206":1,"207":1,"208":1,"209":1,"210":1,"211":1,"212":1,"213":4,"214":10,"215":5,"216":2,"217":91,"218":2,"219":2,"220":86,"221":86,"222":86,"223":86,"224":86,"225":86,"226":2,"227":86,"228":2,"229":86,"230":86,"231":86,"232":86,"233":86,"234":86,"235":8,"236":6,"237":6,"238":6,"239":6,"240":6,"241":4,"242":4,"243":2,"244":2,"245":717,"246":87,"247":15,"248":2,"249":1,"250":1,"251":1,"252":1008},"b":{"1":[252,0],"2":[8,1],"3":[7,1],"4":[3,28],"5":[26,50],"6":[4,46],"7":[25,21],"8":[54,69],"9":[37,32],"10":[12,20],"11":[9,11],"12":[60,49],"13":[24,1],"14":[6,7],"15":[13,0],"16":[13,0],"17":[6,6],"18":[100,2],"19":[96,4],"20":[15,0],"21":[14,1],"22":[1,2],"23":[1,1],"24":[4,0],"25":[95,22],"26":[2,4],"27":[73,1],"28":[26,47],"29":[9,1],"30":[3,22],"31":[46,26],"32":[2,1],"33":[1,1],"34":[3,1],"35":[9,1],"36":[4,1],"37":[1,1],"38":[90,1],"39":[1,1],"40":[2,84],"41":[2,84],"42":[6,2],"43":[4,0],"44":[2,0],"45":[15,0],"46":[1,0]},"f":{"1":3,"2":252,"3":46,"4":43,"5":9,"6":8,"7":4,"8":15,"9":309,"10":2,"11":4,"12":7,"13":665,"14":27,"15":31,"16":76,"17":66,"18":2,"19":89,"20":123,"21":109,"22":25,"23":25,"24":15,"25":102,"26":15,"27":3,"28":4,"29":199,"30":117,"31":28,"32":6,"33":74,"34":3,"35":2,"36":2,"37":1,"38":1,"39":2,"40":4,"41":10,"42":5,"43":2,"44":91,"45":2,"46":2,"47":86,"48":8,"49":4,"50":2,"51":717,"52":87,"53":15,"54":2,"55":1008},"fnMap":{"1":{"name":"constructor","line":26,"loc":{"start":{"line":26,"column":2},"end":{"line":28,"column":2}}},"2":{"name":"initialize","line":52,"loc":{"start":{"line":45,"column":2},"end":{"line":97,"column":2}}},"3":{"name":"depositAA","line":107,"loc":{"start":{"line":107,"column":2},"end":{"line":109,"column":2}}},"4":{"name":"depositBB","line":115,"loc":{"start":{"line":115,"column":2},"end":{"line":117,"column":2}}},"5":{"name":"withdrawAA","line":122,"loc":{"start":{"line":122,"column":2},"end":{"line":125,"column":2}}},"6":{"name":"withdrawBB","line":130,"loc":{"start":{"line":130,"column":2},"end":{"line":133,"column":2}}},"7":{"name":"tranchePrice","line":141,"loc":{"start":{"line":141,"column":2},"end":{"line":143,"column":2}}},"8":{"name":"lastTranchePrice","line":147,"loc":{"start":{"line":147,"column":2},"end":{"line":149,"column":2}}},"9":{"name":"getContractValue","line":154,"loc":{"start":{"line":154,"column":2},"end":{"line":161,"column":2}}},"10":{"name":"getIdealApr","line":165,"loc":{"start":{"line":165,"column":2},"end":{"line":167,"column":2}}},"11":{"name":"getApr","line":171,"loc":{"start":{"line":171,"column":2},"end":{"line":173,"column":2}}},"12":{"name":"strategyAPR","line":176,"loc":{"start":{"line":176,"column":2},"end":{"line":178,"column":2}}},"13":{"name":"strategyPrice","line":181,"loc":{"start":{"line":181,"column":2},"end":{"line":183,"column":2}}},"14":{"name":"getRewards","line":186,"loc":{"start":{"line":186,"column":2},"end":{"line":188,"column":2}}},"15":{"name":"getCurrentAARatio","line":195,"loc":{"start":{"line":195,"column":2},"end":{"line":203,"column":2}}},"16":{"name":"virtualPrice","line":211,"loc":{"start":{"line":211,"column":2},"end":{"line":248,"column":2}}},"17":{"name":"virtualBalance","line":253,"loc":{"start":{"line":253,"column":2},"end":{"line":256,"column":2}}},"18":{"name":"getIncentiveTokens","line":260,"loc":{"start":{"line":260,"column":2},"end":{"line":262,"column":2}}},"19":{"name":"_deposit","line":275,"loc":{"start":{"line":275,"column":2},"end":{"line":290,"column":2}}},"20":{"name":"_updatePrices","line":299,"loc":{"start":{"line":299,"column":2},"end":{"line":350,"column":2}}},"21":{"name":"_mintShares","line":357,"loc":{"start":{"line":357,"column":2},"end":{"line":367,"column":2}}},"22":{"name":"_depositFees","line":374,"loc":{"start":{"line":374,"column":2},"end":{"line":385,"column":2}}},"23":{"name":"_updateLastTranchePrices","line":391,"loc":{"start":{"line":391,"column":2},"end":{"line":394,"column":2}}},"24":{"name":"_withdraw","line":404,"loc":{"start":{"line":404,"column":2},"end":{"line":440,"column":2}}},"25":{"name":"_checkDefault","line":443,"loc":{"start":{"line":443,"column":2},"end":{"line":449,"column":2}}},"26":{"name":"_liquidate","line":455,"loc":{"start":{"line":455,"column":2},"end":{"line":461,"column":2}}},"27":{"name":"_updateIncentives","line":466,"loc":{"start":{"line":466,"column":2},"end":{"line":493,"column":2}}},"28":{"name":"_depositIncentiveToken","line":498,"loc":{"start":{"line":498,"column":2},"end":{"line":510,"column":2}}},"29":{"name":"_lastNAV","line":513,"loc":{"start":{"line":513,"column":2},"end":{"line":515,"column":2}}},"30":{"name":"_tranchePrice","line":519,"loc":{"start":{"line":519,"column":2},"end":{"line":524,"column":2}}},"31":{"name":"_lastTranchePrice","line":528,"loc":{"start":{"line":528,"column":2},"end":{"line":530,"column":2}}},"32":{"name":"_getApr","line":537,"loc":{"start":{"line":537,"column":2},"end":{"line":552,"column":2}}},"33":{"name":"harvest","line":573,"loc":{"start":{"line":573,"column":2},"end":{"line":637,"column":2}}},"34":{"name":"liquidate","line":644,"loc":{"start":{"line":644,"column":2},"end":{"line":647,"column":2}}},"35":{"name":"setAllowAAWithdraw","line":654,"loc":{"start":{"line":654,"column":2},"end":{"line":656,"column":2}}},"36":{"name":"setAllowBBWithdraw","line":659,"loc":{"start":{"line":659,"column":2},"end":{"line":661,"column":2}}},"37":{"name":"setSkipDefaultCheck","line":664,"loc":{"start":{"line":664,"column":2},"end":{"line":666,"column":2}}},"38":{"name":"setRevertIfTooLow","line":669,"loc":{"start":{"line":669,"column":2},"end":{"line":671,"column":2}}},"39":{"name":"setStrategy","line":680,"loc":{"start":{"line":680,"column":2},"end":{"line":700,"column":2}}},"40":{"name":"setRebalancer","line":703,"loc":{"start":{"line":703,"column":2},"end":{"line":705,"column":2}}},"41":{"name":"setFeeReceiver","line":708,"loc":{"start":{"line":708,"column":2},"end":{"line":710,"column":2}}},"42":{"name":"setGuardian","line":713,"loc":{"start":{"line":713,"column":2},"end":{"line":715,"column":2}}},"43":{"name":"setFee","line":718,"loc":{"start":{"line":718,"column":2},"end":{"line":720,"column":2}}},"44":{"name":"setUnlentPerc","line":723,"loc":{"start":{"line":723,"column":2},"end":{"line":725,"column":2}}},"45":{"name":"setIdealRange","line":728,"loc":{"start":{"line":728,"column":2},"end":{"line":730,"column":2}}},"46":{"name":"setIncentiveTokens","line":734,"loc":{"start":{"line":734,"column":2},"end":{"line":736,"column":2}}},"47":{"name":"setStakingRewards","line":741,"loc":{"start":{"line":741,"column":2},"end":{"line":769,"column":2}}},"48":{"name":"emergencyShutdown","line":773,"loc":{"start":{"line":773,"column":2},"end":{"line":784,"column":2}}},"49":{"name":"pause","line":788,"loc":{"start":{"line":788,"column":2},"end":{"line":791,"column":2}}},"50":{"name":"unpause","line":795,"loc":{"start":{"line":795,"column":2},"end":{"line":798,"column":2}}},"51":{"name":"_contractTokenBalance","line":807,"loc":{"start":{"line":807,"column":2},"end":{"line":809,"column":2}}},"52":{"name":"_updateCallerBlock","line":812,"loc":{"start":{"line":812,"column":2},"end":{"line":814,"column":2}}},"53":{"name":"_checkSameTx","line":817,"loc":{"start":{"line":817,"column":2},"end":{"line":819,"column":2}}},"54":{"name":"_includesAddress","line":826,"loc":{"start":{"line":826,"column":2},"end":{"line":834,"column":2}}},"55":{"name":"_concat","line":840,"loc":{"start":{"line":840,"column":2},"end":{"line":842,"column":2}}}},"statementMap":{"1":{"start":{"line":27,"column":4},"end":{"line":27,"column":21}},"2":{"start":{"line":53,"column":4},"end":{"line":53,"column":46}},"3":{"start":{"line":55,"column":4},"end":{"line":55,"column":40}},"4":{"start":{"line":57,"column":4},"end":{"line":57,"column":80}},"5":{"start":{"line":59,"column":4},"end":{"line":59,"column":72}},"6":{"start":{"line":61,"column":4},"end":{"line":61,"column":67}},"7":{"start":{"line":63,"column":4},"end":{"line":63,"column":134}},"8":{"start":{"line":64,"column":4},"end":{"line":64,"column":134}},"9":{"start":{"line":66,"column":4},"end":{"line":66,"column":24}},"10":{"start":{"line":67,"column":4},"end":{"line":67,"column":23}},"11":{"start":{"line":68,"column":4},"end":{"line":68,"column":33}},"12":{"start":{"line":69,"column":4},"end":{"line":69,"column":27}},"13":{"start":{"line":70,"column":4},"end":{"line":70,"column":47}},"14":{"start":{"line":71,"column":4},"end":{"line":71,"column":53}},"15":{"start":{"line":72,"column":4},"end":{"line":72,"column":21}},"16":{"start":{"line":73,"column":4},"end":{"line":73,"column":70}},"17":{"start":{"line":74,"column":4},"end":{"line":74,"column":23}},"18":{"start":{"line":75,"column":4},"end":{"line":75,"column":83}},"19":{"start":{"line":76,"column":4},"end":{"line":76,"column":61}},"20":{"start":{"line":77,"column":4},"end":{"line":77,"column":37}},"21":{"start":{"line":78,"column":4},"end":{"line":78,"column":22}},"22":{"start":{"line":79,"column":4},"end":{"line":79,"column":22}},"23":{"start":{"line":80,"column":4},"end":{"line":80,"column":26}},"24":{"start":{"line":81,"column":4},"end":{"line":81,"column":26}},"25":{"start":{"line":82,"column":4},"end":{"line":82,"column":20}},"26":{"start":{"line":84,"column":4},"end":{"line":84,"column":25}},"27":{"start":{"line":85,"column":4},"end":{"line":85,"column":25}},"28":{"start":{"line":86,"column":4},"end":{"line":86,"column":24}},"29":{"start":{"line":89,"column":4},"end":{"line":89,"column":84}},"30":{"start":{"line":90,"column":4},"end":{"line":90,"column":84}},"31":{"start":{"line":92,"column":4},"end":{"line":92,"column":38}},"32":{"start":{"line":94,"column":4},"end":{"line":94,"column":14}},"33":{"start":{"line":95,"column":4},"end":{"line":95,"column":68}},"34":{"start":{"line":96,"column":4},"end":{"line":96,"column":20}},"35":{"start":{"line":108,"column":4},"end":{"line":108,"column":39}},"36":{"start":{"line":116,"column":4},"end":{"line":116,"column":39}},"37":{"start":{"line":123,"column":4},"end":{"line":123,"column":60}},"38":{"start":{"line":124,"column":4},"end":{"line":124,"column":40}},"39":{"start":{"line":131,"column":4},"end":{"line":131,"column":60}},"40":{"start":{"line":132,"column":4},"end":{"line":132,"column":40}},"41":{"start":{"line":142,"column":4},"end":{"line":142,"column":34}},"42":{"start":{"line":148,"column":4},"end":{"line":148,"column":38}},"43":{"start":{"line":155,"column":4},"end":{"line":155,"column":42}},"44":{"start":{"line":156,"column":4},"end":{"line":156,"column":77}},"45":{"start":{"line":160,"column":4},"end":{"line":160,"column":131}},"46":{"start":{"line":166,"column":4},"end":{"line":166,"column":53}},"47":{"start":{"line":172,"column":4},"end":{"line":172,"column":49}},"48":{"start":{"line":177,"column":4},"end":{"line":177,"column":46}},"49":{"start":{"line":182,"column":4},"end":{"line":182,"column":45}},"50":{"start":{"line":187,"column":4},"end":{"line":187,"column":55}},"51":{"start":{"line":196,"column":4},"end":{"line":196,"column":45}},"52":{"start":{"line":197,"column":4},"end":{"line":197,"column":59}},"53":{"start":{"line":198,"column":4},"end":{"line":198,"column":8647}},"54":{"start":{"line":199,"column":6},"end":{"line":199,"column":14}},"55":{"start":{"line":202,"column":4},"end":{"line":202,"column":43}},"56":{"start":{"line":217,"column":4},"end":{"line":217,"column":36}},"57":{"start":{"line":218,"column":4},"end":{"line":218,"column":32}},"58":{"start":{"line":219,"column":4},"end":{"line":219,"column":66}},"59":{"start":{"line":221,"column":4},"end":{"line":221,"column":9879}},"60":{"start":{"line":222,"column":6},"end":{"line":222,"column":21}},"61":{"start":{"line":226,"column":4},"end":{"line":226,"column":10091}},"62":{"start":{"line":227,"column":6},"end":{"line":227,"column":36}},"63":{"start":{"line":230,"column":4},"end":{"line":230,"column":32}},"64":{"start":{"line":232,"column":4},"end":{"line":232,"column":34}},"65":{"start":{"line":234,"column":4},"end":{"line":234,"column":56}},"66":{"start":{"line":236,"column":4},"end":{"line":236,"column":22}},"67":{"start":{"line":237,"column":4},"end":{"line":237,"column":10540}},"68":{"start":{"line":240,"column":6},"end":{"line":240,"column":73}},"69":{"start":{"line":244,"column":6},"end":{"line":244,"column":88}},"70":{"start":{"line":247,"column":4},"end":{"line":247,"column":57}},"71":{"start":{"line":255,"column":4},"end":{"line":255,"column":94}},"72":{"start":{"line":261,"column":4},"end":{"line":261,"column":26}},"73":{"start":{"line":277,"column":4},"end":{"line":277,"column":20}},"74":{"start":{"line":279,"column":4},"end":{"line":279,"column":23}},"75":{"start":{"line":281,"column":4},"end":{"line":281,"column":18}},"76":{"start":{"line":285,"column":4},"end":{"line":285,"column":18}},"77":{"start":{"line":287,"column":4},"end":{"line":287,"column":55}},"78":{"start":{"line":289,"column":4},"end":{"line":289,"column":77}},"79":{"start":{"line":305,"column":4},"end":{"line":305,"column":32}},"80":{"start":{"line":307,"column":4},"end":{"line":307,"column":32}},"81":{"start":{"line":308,"column":4},"end":{"line":308,"column":14178}},"82":{"start":{"line":309,"column":6},"end":{"line":309,"column":12}},"83":{"start":{"line":312,"column":4},"end":{"line":312,"column":36}},"84":{"start":{"line":314,"column":4},"end":{"line":314,"column":14377}},"85":{"start":{"line":315,"column":6},"end":{"line":315,"column":12}},"86":{"start":{"line":318,"column":4},"end":{"line":318,"column":32}},"87":{"start":{"line":320,"column":4},"end":{"line":320,"column":52}},"88":{"start":{"line":321,"column":4},"end":{"line":321,"column":25}},"89":{"start":{"line":324,"column":4},"end":{"line":324,"column":34}},"90":{"start":{"line":327,"column":4},"end":{"line":327,"column":65}},"91":{"start":{"line":328,"column":4},"end":{"line":328,"column":65}},"92":{"start":{"line":329,"column":4},"end":{"line":329,"column":18}},"93":{"start":{"line":330,"column":4},"end":{"line":330,"column":18}},"94":{"start":{"line":331,"column":4},"end":{"line":331,"column":15152}},"95":{"start":{"line":333,"column":6},"end":{"line":333,"column":18}},"96":{"start":{"line":334,"column":11},"end":{"line":334,"column":15260}},"97":{"start":{"line":336,"column":6},"end":{"line":336,"column":18}},"98":{"start":{"line":339,"column":6},"end":{"line":339,"column":54}},"99":{"start":{"line":340,"column":6},"end":{"line":340,"column":27}},"100":{"start":{"line":343,"column":4},"end":{"line":343,"column":22}},"101":{"start":{"line":345,"column":4},"end":{"line":345,"column":22}},"102":{"start":{"line":348,"column":4},"end":{"line":348,"column":86}},"103":{"start":{"line":349,"column":4},"end":{"line":349,"column":86}},"104":{"start":{"line":359,"column":4},"end":{"line":359,"column":66}},"105":{"start":{"line":360,"column":4},"end":{"line":360,"column":46}},"106":{"start":{"line":362,"column":4},"end":{"line":362,"column":16570}},"107":{"start":{"line":363,"column":6},"end":{"line":363,"column":25}},"108":{"start":{"line":365,"column":6},"end":{"line":365,"column":25}},"109":{"start":{"line":375,"column":4},"end":{"line":375,"column":35}},"110":{"start":{"line":376,"column":4},"end":{"line":376,"column":17100}},"111":{"start":{"line":377,"column":6},"end":{"line":377,"column":39}},"112":{"start":{"line":378,"column":6},"end":{"line":378,"column":17169}},"113":{"start":{"line":383,"column":6},"end":{"line":383,"column":22}},"114":{"start":{"line":392,"column":4},"end":{"line":392,"column":24}},"115":{"start":{"line":393,"column":4},"end":{"line":393,"column":24}},"116":{"start":{"line":406,"column":4},"end":{"line":406,"column":17}},"117":{"start":{"line":408,"column":4},"end":{"line":408,"column":18}},"118":{"start":{"line":410,"column":4},"end":{"line":410,"column":18}},"119":{"start":{"line":412,"column":4},"end":{"line":412,"column":18833}},"120":{"start":{"line":413,"column":6},"end":{"line":413,"column":61}},"121":{"start":{"line":415,"column":4},"end":{"line":415,"column":36}},"122":{"start":{"line":416,"column":4},"end":{"line":416,"column":26}},"123":{"start":{"line":418,"column":4},"end":{"line":418,"column":61}},"124":{"start":{"line":422,"column":4},"end":{"line":422,"column":71}},"125":{"start":{"line":423,"column":4},"end":{"line":423,"column":19425}},"126":{"start":{"line":427,"column":6},"end":{"line":427,"column":92}},"127":{"start":{"line":430,"column":4},"end":{"line":430,"column":53}},"128":{"start":{"line":432,"column":4},"end":{"line":432,"column":60}},"129":{"start":{"line":435,"column":4},"end":{"line":435,"column":20040}},"130":{"start":{"line":436,"column":6},"end":{"line":436,"column":26}},"131":{"start":{"line":438,"column":6},"end":{"line":438,"column":26}},"132":{"start":{"line":444,"column":4},"end":{"line":444,"column":39}},"133":{"start":{"line":445,"column":4},"end":{"line":445,"column":20337}},"134":{"start":{"line":446,"column":6},"end":{"line":446,"column":74}},"135":{"start":{"line":448,"column":4},"end":{"line":448,"column":32}},"136":{"start":{"line":456,"column":4},"end":{"line":456,"column":73}},"137":{"start":{"line":457,"column":4},"end":{"line":457,"column":20975}},"138":{"start":{"line":459,"column":6},"end":{"line":459,"column":62}},"139":{"start":{"line":468,"column":4},"end":{"line":468,"column":62}},"140":{"start":{"line":469,"column":4},"end":{"line":469,"column":56}},"141":{"start":{"line":470,"column":4},"end":{"line":470,"column":36}},"142":{"start":{"line":471,"column":4},"end":{"line":471,"column":34}},"143":{"start":{"line":472,"column":4},"end":{"line":472,"column":34}},"144":{"start":{"line":475,"column":4},"end":{"line":475,"column":21720}},"145":{"start":{"line":477,"column":6},"end":{"line":477,"column":59}},"146":{"start":{"line":480,"column":4},"end":{"line":480,"column":22041}},"147":{"start":{"line":482,"column":6},"end":{"line":482,"column":59}},"148":{"start":{"line":488,"column":4},"end":{"line":488,"column":60}},"149":{"start":{"line":492,"column":4},"end":{"line":492,"column":49}},"150":{"start":{"line":499,"column":4},"end":{"line":499,"column":55}},"151":{"start":{"line":500,"column":4},"end":{"line":500,"column":23232}},"152":{"start":{"line":501,"column":6},"end":{"line":501,"column":51}},"153":{"start":{"line":504,"column":6},"end":{"line":504,"column":84}},"154":{"start":{"line":505,"column":6},"end":{"line":505,"column":23585}},"155":{"start":{"line":507,"column":8},"end":{"line":507,"column":87}},"156":{"start":{"line":514,"column":4},"end":{"line":514,"column":32}},"157":{"start":{"line":520,"column":4},"end":{"line":520,"column":24149}},"158":{"start":{"line":521,"column":6},"end":{"line":521,"column":21}},"159":{"start":{"line":523,"column":4},"end":{"line":523,"column":52}},"160":{"start":{"line":529,"column":4},"end":{"line":529,"column":60}},"161":{"start":{"line":538,"column":4},"end":{"line":538,"column":36}},"162":{"start":{"line":539,"column":4},"end":{"line":539,"column":56}},"163":{"start":{"line":540,"column":4},"end":{"line":540,"column":44}},"164":{"start":{"line":541,"column":4},"end":{"line":541,"column":25154}},"165":{"start":{"line":543,"column":6},"end":{"line":543,"column":39}},"166":{"start":{"line":545,"column":4},"end":{"line":545,"column":25428}},"167":{"start":{"line":574,"column":4},"end":{"line":574,"column":75}},"168":{"start":{"line":576,"column":4},"end":{"line":576,"column":26}},"169":{"start":{"line":577,"column":4},"end":{"line":577,"column":32}},"170":{"start":{"line":579,"column":4},"end":{"line":579,"column":27625}},"171":{"start":{"line":581,"column":6},"end":{"line":581,"column":57}},"172":{"start":{"line":582,"column":6},"end":{"line":582,"column":26}},"173":{"start":{"line":583,"column":6},"end":{"line":583,"column":53}},"174":{"start":{"line":585,"column":6},"end":{"line":585,"column":48}},"175":{"start":{"line":587,"column":6},"end":{"line":587,"column":45}},"176":{"start":{"line":588,"column":6},"end":{"line":588,"column":28033}},"177":{"start":{"line":589,"column":8},"end":{"line":589,"column":40}},"178":{"start":{"line":591,"column":8},"end":{"line":591,"column":68}},"179":{"start":{"line":593,"column":8},"end":{"line":593,"column":115}},"180":{"start":{"line":595,"column":8},"end":{"line":595,"column":49}},"181":{"start":{"line":596,"column":8},"end":{"line":596,"column":29}},"182":{"start":{"line":597,"column":8},"end":{"line":597,"column":23}},"183":{"start":{"line":598,"column":8},"end":{"line":598,"column":24}},"184":{"start":{"line":600,"column":8},"end":{"line":600,"column":94}},"185":{"start":{"line":602,"column":8},"end":{"line":602,"column":28777}},"186":{"start":{"line":612,"column":6},"end":{"line":612,"column":20}},"187":{"start":{"line":617,"column":6},"end":{"line":617,"column":31}},"188":{"start":{"line":621,"column":6},"end":{"line":621,"column":42}},"189":{"start":{"line":623,"column":6},"end":{"line":623,"column":29756}},"190":{"start":{"line":625,"column":8},"end":{"line":625,"column":37}},"191":{"start":{"line":631,"column":4},"end":{"line":631,"column":57}},"192":{"start":{"line":632,"column":4},"end":{"line":632,"column":70}},"193":{"start":{"line":633,"column":4},"end":{"line":633,"column":30238}},"194":{"start":{"line":635,"column":6},"end":{"line":635,"column":69}},"195":{"start":{"line":645,"column":4},"end":{"line":645,"column":75}},"196":{"start":{"line":646,"column":4},"end":{"line":646,"column":47}},"197":{"start":{"line":655,"column":4},"end":{"line":655,"column":29}},"198":{"start":{"line":660,"column":4},"end":{"line":660,"column":29}},"199":{"start":{"line":665,"column":4},"end":{"line":665,"column":30}},"200":{"start":{"line":670,"column":4},"end":{"line":670,"column":28}},"201":{"start":{"line":681,"column":4},"end":{"line":681,"column":48}},"202":{"start":{"line":682,"column":4},"end":{"line":682,"column":49}},"203":{"start":{"line":684,"column":4},"end":{"line":684,"column":36}},"204":{"start":{"line":685,"column":4},"end":{"line":685,"column":39}},"205":{"start":{"line":686,"column":4},"end":{"line":686,"column":62}},"206":{"start":{"line":688,"column":4},"end":{"line":688,"column":23}},"207":{"start":{"line":690,"column":4},"end":{"line":690,"column":37}},"208":{"start":{"line":692,"column":4},"end":{"line":692,"column":75}},"209":{"start":{"line":693,"column":4},"end":{"line":693,"column":36}},"210":{"start":{"line":695,"column":4},"end":{"line":695,"column":61}},"211":{"start":{"line":697,"column":4},"end":{"line":697,"column":88}},"212":{"start":{"line":699,"column":4},"end":{"line":699,"column":38}},"213":{"start":{"line":704,"column":4},"end":{"line":704,"column":65}},"214":{"start":{"line":709,"column":4},"end":{"line":709,"column":67}},"215":{"start":{"line":714,"column":4},"end":{"line":714,"column":61}},"216":{"start":{"line":719,"column":4},"end":{"line":719,"column":52}},"217":{"start":{"line":724,"column":4},"end":{"line":724,"column":69}},"218":{"start":{"line":729,"column":4},"end":{"line":729,"column":69}},"219":{"start":{"line":735,"column":4},"end":{"line":735,"column":37}},"220":{"start":{"line":743,"column":4},"end":{"line":743,"column":55}},"221":{"start":{"line":744,"column":4},"end":{"line":744,"column":38}},"222":{"start":{"line":745,"column":4},"end":{"line":745,"column":38}},"223":{"start":{"line":748,"column":4},"end":{"line":748,"column":35202}},"224":{"start":{"line":749,"column":6},"end":{"line":749,"column":74}},"225":{"start":{"line":750,"column":6},"end":{"line":750,"column":35342}},"226":{"start":{"line":751,"column":8},"end":{"line":751,"column":53}},"227":{"start":{"line":753,"column":6},"end":{"line":753,"column":35448}},"228":{"start":{"line":754,"column":8},"end":{"line":754,"column":53}},"229":{"start":{"line":759,"column":4},"end":{"line":759,"column":25}},"230":{"start":{"line":760,"column":4},"end":{"line":760,"column":25}},"231":{"start":{"line":763,"column":4},"end":{"line":763,"column":35699}},"232":{"start":{"line":764,"column":6},"end":{"line":764,"column":74}},"233":{"start":{"line":766,"column":6},"end":{"line":766,"column":73}},"234":{"start":{"line":767,"column":6},"end":{"line":767,"column":73}},"235":{"start":{"line":774,"column":4},"end":{"line":774,"column":73}},"236":{"start":{"line":776,"column":4},"end":{"line":776,"column":11}},"237":{"start":{"line":778,"column":4},"end":{"line":778,"column":26}},"238":{"start":{"line":779,"column":4},"end":{"line":779,"column":26}},"239":{"start":{"line":782,"column":4},"end":{"line":782,"column":26}},"240":{"start":{"line":783,"column":4},"end":{"line":783,"column":24}},"241":{"start":{"line":789,"column":4},"end":{"line":789,"column":73}},"242":{"start":{"line":790,"column":4},"end":{"line":790,"column":11}},"243":{"start":{"line":796,"column":4},"end":{"line":796,"column":73}},"244":{"start":{"line":797,"column":4},"end":{"line":797,"column":13}},"245":{"start":{"line":808,"column":4},"end":{"line":808,"column":58}},"246":{"start":{"line":813,"column":4},"end":{"line":813,"column":74}},"247":{"start":{"line":818,"column":4},"end":{"line":818,"column":98}},"248":{"start":{"line":827,"column":4},"end":{"line":827,"column":38458}},"249":{"start":{"line":828,"column":6},"end":{"line":828,"column":38512}},"250":{"start":{"line":829,"column":8},"end":{"line":829,"column":19}},"251":{"start":{"line":833,"column":4},"end":{"line":833,"column":16}},"252":{"start":{"line":841,"column":4},"end":{"line":841,"column":41}}},"branchMap":{"1":{"line":53,"type":"if","locations":[{"start":{"line":53,"column":4},"end":{"line":53,"column":4}},{"start":{"line":53,"column":4},"end":{"line":53,"column":4}}]},"2":{"line":123,"type":"if","locations":[{"start":{"line":123,"column":4},"end":{"line":123,"column":4}},{"start":{"line":123,"column":4},"end":{"line":123,"column":4}}]},"3":{"line":131,"type":"if","locations":[{"start":{"line":131,"column":4},"end":{"line":131,"column":4}},{"start":{"line":131,"column":4},"end":{"line":131,"column":4}}]},"4":{"line":198,"type":"if","locations":[{"start":{"line":198,"column":4},"end":{"line":198,"column":4}},{"start":{"line":198,"column":4},"end":{"line":198,"column":4}}]},"5":{"line":221,"type":"if","locations":[{"start":{"line":221,"column":4},"end":{"line":221,"column":4}},{"start":{"line":221,"column":4},"end":{"line":221,"column":4}}]},"6":{"line":226,"type":"if","locations":[{"start":{"line":226,"column":4},"end":{"line":226,"column":4}},{"start":{"line":226,"column":4},"end":{"line":226,"column":4}}]},"7":{"line":237,"type":"if","locations":[{"start":{"line":237,"column":4},"end":{"line":237,"column":4}},{"start":{"line":237,"column":4},"end":{"line":237,"column":4}}]},"8":{"line":308,"type":"if","locations":[{"start":{"line":308,"column":4},"end":{"line":308,"column":4}},{"start":{"line":308,"column":4},"end":{"line":308,"column":4}}]},"9":{"line":314,"type":"if","locations":[{"start":{"line":314,"column":4},"end":{"line":314,"column":4}},{"start":{"line":314,"column":4},"end":{"line":314,"column":4}}]},"10":{"line":331,"type":"if","locations":[{"start":{"line":331,"column":4},"end":{"line":331,"column":4}},{"start":{"line":331,"column":4},"end":{"line":331,"column":4}}]},"11":{"line":334,"type":"if","locations":[{"start":{"line":334,"column":11},"end":{"line":334,"column":11}},{"start":{"line":334,"column":11},"end":{"line":334,"column":11}}]},"12":{"line":362,"type":"if","locations":[{"start":{"line":362,"column":4},"end":{"line":362,"column":4}},{"start":{"line":362,"column":4},"end":{"line":362,"column":4}}]},"13":{"line":376,"type":"if","locations":[{"start":{"line":376,"column":4},"end":{"line":376,"column":4}},{"start":{"line":376,"column":4},"end":{"line":376,"column":4}}]},"14":{"line":412,"type":"if","locations":[{"start":{"line":412,"column":4},"end":{"line":412,"column":4}},{"start":{"line":412,"column":4},"end":{"line":412,"column":4}}]},"15":{"line":415,"type":"if","locations":[{"start":{"line":415,"column":4},"end":{"line":415,"column":4}},{"start":{"line":415,"column":4},"end":{"line":415,"column":4}}]},"16":{"line":423,"type":"if","locations":[{"start":{"line":423,"column":4},"end":{"line":423,"column":4}},{"start":{"line":423,"column":4},"end":{"line":423,"column":4}}]},"17":{"line":435,"type":"if","locations":[{"start":{"line":435,"column":4},"end":{"line":435,"column":4}},{"start":{"line":435,"column":4},"end":{"line":435,"column":4}}]},"18":{"line":445,"type":"if","locations":[{"start":{"line":445,"column":4},"end":{"line":445,"column":4}},{"start":{"line":445,"column":4},"end":{"line":445,"column":4}}]},"19":{"line":446,"type":"if","locations":[{"start":{"line":446,"column":6},"end":{"line":446,"column":6}},{"start":{"line":446,"column":6},"end":{"line":446,"column":6}}]},"20":{"line":457,"type":"if","locations":[{"start":{"line":457,"column":4},"end":{"line":457,"column":4}},{"start":{"line":457,"column":4},"end":{"line":457,"column":4}}]},"21":{"line":459,"type":"if","locations":[{"start":{"line":459,"column":6},"end":{"line":459,"column":6}},{"start":{"line":459,"column":6},"end":{"line":459,"column":6}}]},"22":{"line":475,"type":"if","locations":[{"start":{"line":475,"column":4},"end":{"line":475,"column":4}},{"start":{"line":475,"column":4},"end":{"line":475,"column":4}}]},"23":{"line":480,"type":"if","locations":[{"start":{"line":480,"column":4},"end":{"line":480,"column":4}},{"start":{"line":480,"column":4},"end":{"line":480,"column":4}}]},"24":{"line":505,"type":"if","locations":[{"start":{"line":505,"column":6},"end":{"line":505,"column":6}},{"start":{"line":505,"column":6},"end":{"line":505,"column":6}}]},"25":{"line":520,"type":"if","locations":[{"start":{"line":520,"column":4},"end":{"line":520,"column":4}},{"start":{"line":520,"column":4},"end":{"line":520,"column":4}}]},"26":{"line":541,"type":"if","locations":[{"start":{"line":541,"column":4},"end":{"line":541,"column":4}},{"start":{"line":541,"column":4},"end":{"line":541,"column":4}}]},"27":{"line":574,"type":"if","locations":[{"start":{"line":574,"column":4},"end":{"line":574,"column":4}},{"start":{"line":574,"column":4},"end":{"line":574,"column":4}}]},"28":{"line":579,"type":"if","locations":[{"start":{"line":579,"column":4},"end":{"line":579,"column":4}},{"start":{"line":579,"column":4},"end":{"line":579,"column":4}}]},"29":{"line":593,"type":"if","locations":[{"start":{"line":593,"column":8},"end":{"line":593,"column":8}},{"start":{"line":593,"column":8},"end":{"line":593,"column":8}}]},"30":{"line":623,"type":"if","locations":[{"start":{"line":623,"column":6},"end":{"line":623,"column":6}},{"start":{"line":623,"column":6},"end":{"line":623,"column":6}}]},"31":{"line":633,"type":"if","locations":[{"start":{"line":633,"column":4},"end":{"line":633,"column":4}},{"start":{"line":633,"column":4},"end":{"line":633,"column":4}}]},"32":{"line":645,"type":"if","locations":[{"start":{"line":645,"column":4},"end":{"line":645,"column":4}},{"start":{"line":645,"column":4},"end":{"line":645,"column":4}}]},"33":{"line":681,"type":"if","locations":[{"start":{"line":681,"column":4},"end":{"line":681,"column":4}},{"start":{"line":681,"column":4},"end":{"line":681,"column":4}}]},"34":{"line":704,"type":"if","locations":[{"start":{"line":704,"column":4},"end":{"line":704,"column":4}},{"start":{"line":704,"column":4},"end":{"line":704,"column":4}}]},"35":{"line":709,"type":"if","locations":[{"start":{"line":709,"column":4},"end":{"line":709,"column":4}},{"start":{"line":709,"column":4},"end":{"line":709,"column":4}}]},"36":{"line":714,"type":"if","locations":[{"start":{"line":714,"column":4},"end":{"line":714,"column":4}},{"start":{"line":714,"column":4},"end":{"line":714,"column":4}}]},"37":{"line":719,"type":"if","locations":[{"start":{"line":719,"column":4},"end":{"line":719,"column":4}},{"start":{"line":719,"column":4},"end":{"line":719,"column":4}}]},"38":{"line":724,"type":"if","locations":[{"start":{"line":724,"column":4},"end":{"line":724,"column":4}},{"start":{"line":724,"column":4},"end":{"line":724,"column":4}}]},"39":{"line":729,"type":"if","locations":[{"start":{"line":729,"column":4},"end":{"line":729,"column":4}},{"start":{"line":729,"column":4},"end":{"line":729,"column":4}}]},"40":{"line":750,"type":"if","locations":[{"start":{"line":750,"column":6},"end":{"line":750,"column":6}},{"start":{"line":750,"column":6},"end":{"line":750,"column":6}}]},"41":{"line":753,"type":"if","locations":[{"start":{"line":753,"column":6},"end":{"line":753,"column":6}},{"start":{"line":753,"column":6},"end":{"line":753,"column":6}}]},"42":{"line":774,"type":"if","locations":[{"start":{"line":774,"column":4},"end":{"line":774,"column":4}},{"start":{"line":774,"column":4},"end":{"line":774,"column":4}}]},"43":{"line":789,"type":"if","locations":[{"start":{"line":789,"column":4},"end":{"line":789,"column":4}},{"start":{"line":789,"column":4},"end":{"line":789,"column":4}}]},"44":{"line":796,"type":"if","locations":[{"start":{"line":796,"column":4},"end":{"line":796,"column":4}},{"start":{"line":796,"column":4},"end":{"line":796,"column":4}}]},"45":{"line":818,"type":"if","locations":[{"start":{"line":818,"column":4},"end":{"line":818,"column":4}},{"start":{"line":818,"column":4},"end":{"line":818,"column":4}}]},"46":{"line":828,"type":"if","locations":[{"start":{"line":828,"column":6},"end":{"line":828,"column":6}},{"start":{"line":828,"column":6},"end":{"line":828,"column":6}}]}}},"contracts/IdleCDOStorage.sol":{"l":{},"path":"/home/bugman/Projects/idle/idle-utils/contracts/IdleCDOStorage.sol","s":{},"b":{},"f":{},"fnMap":{},"statementMap":{},"branchMap":{}},"contracts/IdleCDOTranche.sol":{"l":{"18":513,"24":112,"25":111,"31":14,"32":13},"path":"/home/bugman/Projects/idle/idle-utils/contracts/IdleCDOTranche.sol","s":{"1":513,"2":112,"3":111,"4":14,"5":13},"b":{"1":[111,1],"2":[13,1]},"f":{"1":513,"2":112,"3":14},"fnMap":{"1":{"name":"constructor","line":16,"loc":{"start":{"line":13,"column":2},"end":{"line":19,"column":2}}},"2":{"name":"mint","line":23,"loc":{"start":{"line":23,"column":2},"end":{"line":26,"column":2}}},"3":{"name":"burn","line":30,"loc":{"start":{"line":30,"column":2},"end":{"line":33,"column":2}}}},"statementMap":{"1":{"start":{"line":18,"column":4},"end":{"line":18,"column":22}},"2":{"start":{"line":24,"column":4},"end":{"line":24,"column":49}},"3":{"start":{"line":25,"column":4},"end":{"line":25,"column":25}},"4":{"start":{"line":31,"column":4},"end":{"line":31,"column":49}},"5":{"start":{"line":32,"column":4},"end":{"line":32,"column":25}}},"branchMap":{"1":{"line":24,"type":"if","locations":[{"start":{"line":24,"column":4},"end":{"line":24,"column":4}},{"start":{"line":24,"column":4},"end":{"line":24,"column":4}}]},"2":{"line":31,"type":"if","locations":[{"start":{"line":31,"column":4},"end":{"line":31,"column":4}},{"start":{"line":31,"column":4},"end":{"line":31,"column":4}}]}}},"contracts/IdleCDOTrancheRewards.sol":{"l":{"28":3,"42":564,"44":564,"45":564,"46":564,"48":564,"50":564,"51":564,"52":564,"53":564,"54":564,"61":15,"64":15,"66":15,"68":15,"70":15,"80":8,"82":6,"85":1,"86":1,"87":1,"89":1,"93":5,"96":6,"98":6,"100":6,"106":3,"111":8,"112":8,"113":8,"115":8,"116":8,"118":8,"119":2,"122":8,"124":8,"133":43,"136":42,"143":17,"144":16,"146":15,"147":15,"150":10,"157":1,"164":15,"165":15,"166":15,"167":15,"169":15,"170":15,"171":15,"173":10,"175":5,"181":5,"198":59,"199":59,"200":57,"204":2,"209":2,"210":1,"216":5,"222":1},"path":"/home/bugman/Projects/idle/idle-utils/contracts/IdleCDOTrancheRewards.sol","s":{"1":3,"2":564,"3":564,"4":564,"5":564,"6":564,"7":564,"8":564,"9":564,"10":564,"11":564,"12":15,"13":15,"14":15,"15":15,"16":15,"17":8,"18":6,"19":1,"20":1,"21":1,"22":1,"23":5,"24":6,"25":6,"26":6,"27":3,"28":8,"29":8,"30":8,"31":8,"32":8,"33":8,"34":2,"35":8,"36":8,"37":43,"38":42,"39":17,"40":16,"41":15,"42":15,"43":10,"44":1,"45":15,"46":15,"47":15,"48":15,"49":15,"50":15,"51":15,"52":10,"53":5,"54":5,"55":59,"56":59,"57":57,"58":2,"59":2,"60":1,"61":5,"62":1},"b":{"1":[564,0],"2":[6,2],"3":[1,5],"4":[2,6],"5":[42,1],"6":[16,1],"7":[15,1],"8":[10,5],"9":[10,5],"10":[57,2],"11":[1,1]},"f":{"1":3,"2":564,"3":15,"4":8,"5":3,"6":8,"7":43,"8":17,"9":1,"10":15,"11":59,"12":2,"13":5,"14":1},"fnMap":{"1":{"name":"constructor","line":27,"loc":{"start":{"line":27,"column":2},"end":{"line":29,"column":2}}},"2":{"name":"initialize","line":41,"loc":{"start":{"line":38,"column":2},"end":{"line":55,"column":2}}},"3":{"name":"stake","line":59,"loc":{"start":{"line":59,"column":2},"end":{"line":71,"column":2}}},"4":{"name":"unstake","line":77,"loc":{"start":{"line":77,"column":2},"end":{"line":101,"column":2}}},"5":{"name":"claim","line":105,"loc":{"start":{"line":105,"column":2},"end":{"line":107,"column":2}}},"6":{"name":"_claim","line":110,"loc":{"start":{"line":110,"column":2},"end":{"line":126,"column":2}}},"7":{"name":"expectedUserReward","line":132,"loc":{"start":{"line":132,"column":2},"end":{"line":137,"column":2}}},"8":{"name":"depositReward","line":142,"loc":{"start":{"line":142,"column":2},"end":{"line":152,"column":2}}},"9":{"name":"setCoolingPeriod","line":156,"loc":{"start":{"line":156,"column":2},"end":{"line":158,"column":2}}},"10":{"name":"_updateUserIdx","line":163,"loc":{"start":{"line":163,"column":2},"end":{"line":190,"column":2}}},"11":{"name":"_includesAddress","line":197,"loc":{"start":{"line":197,"column":2},"end":{"line":205,"column":2}}},"12":{"name":"transferToken","line":208,"loc":{"start":{"line":208,"column":2},"end":{"line":211,"column":2}}},"13":{"name":"pause","line":215,"loc":{"start":{"line":215,"column":2},"end":{"line":217,"column":2}}},"14":{"name":"unpause","line":221,"loc":{"start":{"line":221,"column":2},"end":{"line":223,"column":2}}}},"statementMap":{"1":{"start":{"line":28,"column":4},"end":{"line":28,"column":23}},"2":{"start":{"line":42,"column":4},"end":{"line":42,"column":48}},"3":{"start":{"line":44,"column":4},"end":{"line":44,"column":38}},"4":{"start":{"line":45,"column":4},"end":{"line":45,"column":54}},"5":{"start":{"line":46,"column":4},"end":{"line":46,"column":40}},"6":{"start":{"line":48,"column":4},"end":{"line":48,"column":28}},"7":{"start":{"line":50,"column":4},"end":{"line":50,"column":21}},"8":{"start":{"line":51,"column":4},"end":{"line":51,"column":26}},"9":{"start":{"line":52,"column":4},"end":{"line":52,"column":21}},"10":{"start":{"line":53,"column":4},"end":{"line":53,"column":51}},"11":{"start":{"line":54,"column":4},"end":{"line":54,"column":33}},"12":{"start":{"line":61,"column":4},"end":{"line":61,"column":45}},"13":{"start":{"line":64,"column":4},"end":{"line":64,"column":38}},"14":{"start":{"line":66,"column":4},"end":{"line":66,"column":37}},"15":{"start":{"line":68,"column":4},"end":{"line":68,"column":79}},"16":{"start":{"line":70,"column":4},"end":{"line":70,"column":25}},"17":{"start":{"line":80,"column":4},"end":{"line":80,"column":88}},"18":{"start":{"line":82,"column":4},"end":{"line":82,"column":3888}},"19":{"start":{"line":85,"column":6},"end":{"line":85,"column":20}},"20":{"start":{"line":86,"column":6},"end":{"line":86,"column":4077}},"21":{"start":{"line":87,"column":8},"end":{"line":87,"column":26}},"22":{"start":{"line":89,"column":8},"end":{"line":89,"column":64}},"23":{"start":{"line":93,"column":6},"end":{"line":93,"column":13}},"24":{"start":{"line":96,"column":4},"end":{"line":96,"column":37}},"25":{"start":{"line":98,"column":4},"end":{"line":98,"column":60}},"26":{"start":{"line":100,"column":4},"end":{"line":100,"column":25}},"27":{"start":{"line":106,"column":4},"end":{"line":106,"column":11}},"28":{"start":{"line":111,"column":4},"end":{"line":111,"column":39}},"29":{"start":{"line":112,"column":4},"end":{"line":112,"column":4966}},"30":{"start":{"line":113,"column":6},"end":{"line":113,"column":34}},"31":{"start":{"line":115,"column":6},"end":{"line":115,"column":61}},"32":{"start":{"line":116,"column":6},"end":{"line":116,"column":71}},"33":{"start":{"line":118,"column":6},"end":{"line":118,"column":5312}},"34":{"start":{"line":119,"column":8},"end":{"line":119,"column":23}},"35":{"start":{"line":122,"column":6},"end":{"line":122,"column":62}},"36":{"start":{"line":124,"column":6},"end":{"line":124,"column":60}},"37":{"start":{"line":133,"column":4},"end":{"line":133,"column":59}},"38":{"start":{"line":136,"column":4},"end":{"line":136,"column":106}},"39":{"start":{"line":143,"column":4},"end":{"line":143,"column":42}},"40":{"start":{"line":144,"column":4},"end":{"line":144,"column":60}},"41":{"start":{"line":146,"column":4},"end":{"line":146,"column":79}},"42":{"start":{"line":147,"column":4},"end":{"line":147,"column":6696}},"43":{"start":{"line":150,"column":6},"end":{"line":150,"column":73}},"44":{"start":{"line":157,"column":4},"end":{"line":157,"column":36}},"45":{"start":{"line":164,"column":4},"end":{"line":164,"column":39}},"46":{"start":{"line":165,"column":4},"end":{"line":165,"column":21}},"47":{"start":{"line":166,"column":4},"end":{"line":166,"column":18}},"48":{"start":{"line":167,"column":4},"end":{"line":167,"column":43}},"49":{"start":{"line":169,"column":4},"end":{"line":169,"column":7629}},"50":{"start":{"line":170,"column":6},"end":{"line":170,"column":25}},"51":{"start":{"line":171,"column":6},"end":{"line":171,"column":7713}},"52":{"start":{"line":173,"column":8},"end":{"line":173,"column":59}},"53":{"start":{"line":175,"column":8},"end":{"line":175,"column":46}},"54":{"start":{"line":181,"column":8},"end":{"line":181,"column":8356}},"55":{"start":{"line":198,"column":4},"end":{"line":198,"column":9363}},"56":{"start":{"line":199,"column":6},"end":{"line":199,"column":9417}},"57":{"start":{"line":200,"column":8},"end":{"line":200,"column":19}},"58":{"start":{"line":204,"column":4},"end":{"line":204,"column":16}},"59":{"start":{"line":209,"column":4},"end":{"line":209,"column":47}},"60":{"start":{"line":210,"column":4},"end":{"line":210,"column":68}},"61":{"start":{"line":216,"column":4},"end":{"line":216,"column":11}},"62":{"start":{"line":222,"column":4},"end":{"line":222,"column":13}}},"branchMap":{"1":{"line":42,"type":"if","locations":[{"start":{"line":42,"column":4},"end":{"line":42,"column":4}},{"start":{"line":42,"column":4},"end":{"line":42,"column":4}}]},"2":{"line":80,"type":"if","locations":[{"start":{"line":80,"column":4},"end":{"line":80,"column":4}},{"start":{"line":80,"column":4},"end":{"line":80,"column":4}}]},"3":{"line":82,"type":"if","locations":[{"start":{"line":82,"column":4},"end":{"line":82,"column":4}},{"start":{"line":82,"column":4},"end":{"line":82,"column":4}}]},"4":{"line":118,"type":"if","locations":[{"start":{"line":118,"column":6},"end":{"line":118,"column":6}},{"start":{"line":118,"column":6},"end":{"line":118,"column":6}}]},"5":{"line":133,"type":"if","locations":[{"start":{"line":133,"column":4},"end":{"line":133,"column":4}},{"start":{"line":133,"column":4},"end":{"line":133,"column":4}}]},"6":{"line":143,"type":"if","locations":[{"start":{"line":143,"column":4},"end":{"line":143,"column":4}},{"start":{"line":143,"column":4},"end":{"line":143,"column":4}}]},"7":{"line":144,"type":"if","locations":[{"start":{"line":144,"column":4},"end":{"line":144,"column":4}},{"start":{"line":144,"column":4},"end":{"line":144,"column":4}}]},"8":{"line":147,"type":"if","locations":[{"start":{"line":147,"column":4},"end":{"line":147,"column":4}},{"start":{"line":147,"column":4},"end":{"line":147,"column":4}}]},"9":{"line":171,"type":"if","locations":[{"start":{"line":171,"column":6},"end":{"line":171,"column":6}},{"start":{"line":171,"column":6},"end":{"line":171,"column":6}}]},"10":{"line":199,"type":"if","locations":[{"start":{"line":199,"column":6},"end":{"line":199,"column":6}},{"start":{"line":199,"column":6},"end":{"line":199,"column":6}}]},"11":{"line":209,"type":"if","locations":[{"start":{"line":209,"column":4},"end":{"line":209,"column":4}},{"start":{"line":209,"column":4},"end":{"line":209,"column":4}}]}}},"contracts/IdleCDOTrancheRewardsStorage.sol":{"l":{},"path":"/home/bugman/Projects/idle/idle-utils/contracts/IdleCDOTrancheRewardsStorage.sol","s":{},"b":{},"f":{},"fnMap":{},"statementMap":{},"branchMap":{}},"contracts/IdleStrategy.sol":{"l":{"38":3,"50":540,"52":540,"53":540,"55":540,"56":540,"57":540,"58":540,"59":540,"60":540,"61":540,"63":540,"74":51,"75":51,"77":51,"79":51,"81":51,"89":2,"96":28,"98":28,"99":28,"100":27,"102":27,"104":27,"106":27,"116":16,"127":44,"128":44,"129":13,"131":13,"132":13,"134":12,"143":18,"144":17,"146":17,"148":17,"150":17,"152":17,"163":682,"168":8,"169":8,"172":8,"177":28,"190":1},"path":"/home/bugman/Projects/idle/idle-utils/contracts/IdleStrategy.sol","s":{"1":3,"2":540,"3":540,"4":540,"5":540,"6":540,"7":540,"8":540,"9":540,"10":540,"11":540,"12":540,"13":51,"14":51,"15":51,"16":51,"17":51,"18":2,"19":28,"20":28,"21":28,"22":27,"23":27,"24":27,"25":27,"26":16,"27":44,"28":44,"29":13,"30":13,"31":13,"32":12,"33":18,"34":17,"35":17,"36":17,"37":17,"38":17,"39":682,"40":8,"41":8,"42":8,"43":28,"44":1},"b":{"1":[540,0],"2":[51,0],"3":[27,1],"4":[12,1],"5":[17,1]},"f":{"1":3,"2":540,"3":51,"4":2,"5":28,"6":16,"7":44,"8":18,"9":682,"10":8,"11":28,"12":1},"fnMap":{"1":{"name":"constructor","line":37,"loc":{"start":{"line":37,"column":2},"end":{"line":39,"column":2}}},"2":{"name":"initialize","line":49,"loc":{"start":{"line":49,"column":2},"end":{"line":64,"column":2}}},"3":{"name":"deposit","line":73,"loc":{"start":{"line":73,"column":2},"end":{"line":83,"column":2}}},"4":{"name":"redeem","line":88,"loc":{"start":{"line":88,"column":2},"end":{"line":90,"column":2}}},"5":{"name":"redeemRewards","line":95,"loc":{"start":{"line":95,"column":2},"end":{"line":108,"column":2}}},"6":{"name":"redeemUnderlying","line":114,"loc":{"start":{"line":114,"column":2},"end":{"line":117,"column":2}}},"7":{"name":"_withdrawGovToken","line":126,"loc":{"start":{"line":126,"column":2},"end":{"line":137,"column":2}}},"8":{"name":"_redeem","line":142,"loc":{"start":{"line":142,"column":2},"end":{"line":154,"column":2}}},"9":{"name":"price","line":161,"loc":{"start":{"line":161,"column":2},"end":{"line":164,"column":2}}},"10":{"name":"getApr","line":167,"loc":{"start":{"line":167,"column":2},"end":{"line":173,"column":2}}},"11":{"name":"getRewardTokens","line":176,"loc":{"start":{"line":176,"column":2},"end":{"line":178,"column":2}}},"12":{"name":"transferToken","line":189,"loc":{"start":{"line":189,"column":2},"end":{"line":191,"column":2}}}},"statementMap":{"1":{"start":{"line":38,"column":4},"end":{"line":38,"column":21}},"2":{"start":{"line":50,"column":4},"end":{"line":50,"column":46}},"3":{"start":{"line":52,"column":4},"end":{"line":52,"column":38}},"4":{"start":{"line":53,"column":4},"end":{"line":53,"column":54}},"5":{"start":{"line":55,"column":4},"end":{"line":55,"column":33}},"6":{"start":{"line":56,"column":4},"end":{"line":56,"column":45}},"7":{"start":{"line":57,"column":4},"end":{"line":57,"column":51}},"8":{"start":{"line":58,"column":4},"end":{"line":58,"column":33}},"9":{"start":{"line":59,"column":4},"end":{"line":59,"column":41}},"10":{"start":{"line":60,"column":4},"end":{"line":60,"column":42}},"11":{"start":{"line":61,"column":4},"end":{"line":61,"column":65}},"12":{"start":{"line":63,"column":4},"end":{"line":63,"column":28}},"13":{"start":{"line":74,"column":4},"end":{"line":74,"column":2964}},"14":{"start":{"line":75,"column":6},"end":{"line":75,"column":39}},"15":{"start":{"line":77,"column":6},"end":{"line":77,"column":73}},"16":{"start":{"line":79,"column":6},"end":{"line":79,"column":65}},"17":{"start":{"line":81,"column":6},"end":{"line":81,"column":44}},"18":{"start":{"line":89,"column":4},"end":{"line":89,"column":27}},"19":{"start":{"line":96,"column":4},"end":{"line":96,"column":37}},"20":{"start":{"line":98,"column":4},"end":{"line":98,"column":50}},"21":{"start":{"line":99,"column":4},"end":{"line":99,"column":4077}},"22":{"start":{"line":100,"column":6},"end":{"line":100,"column":60}},"23":{"start":{"line":102,"column":6},"end":{"line":102,"column":34}},"24":{"start":{"line":104,"column":6},"end":{"line":104,"column":41}},"25":{"start":{"line":106,"column":6},"end":{"line":106,"column":34}},"26":{"start":{"line":116,"column":4},"end":{"line":116,"column":54}},"27":{"start":{"line":127,"column":4},"end":{"line":127,"column":58}},"28":{"start":{"line":128,"column":4},"end":{"line":128,"column":5193}},"29":{"start":{"line":129,"column":6},"end":{"line":129,"column":61}},"30":{"start":{"line":131,"column":6},"end":{"line":131,"column":53}},"31":{"start":{"line":132,"column":6},"end":{"line":132,"column":5411}},"32":{"start":{"line":134,"column":8},"end":{"line":134,"column":38}},"33":{"start":{"line":143,"column":4},"end":{"line":143,"column":5801}},"34":{"start":{"line":144,"column":6},"end":{"line":144,"column":39}},"35":{"start":{"line":146,"column":6},"end":{"line":146,"column":64}},"36":{"start":{"line":148,"column":6},"end":{"line":148,"column":51}},"37":{"start":{"line":150,"column":6},"end":{"line":150,"column":55}},"38":{"start":{"line":152,"column":6},"end":{"line":152,"column":34}},"39":{"start":{"line":163,"column":4},"end":{"line":163,"column":50}},"40":{"start":{"line":168,"column":4},"end":{"line":168,"column":37}},"41":{"start":{"line":169,"column":4},"end":{"line":169,"column":31}},"42":{"start":{"line":172,"column":4},"end":{"line":172,"column":41}},"43":{"start":{"line":177,"column":4},"end":{"line":177,"column":35}},"44":{"start":{"line":190,"column":4},"end":{"line":190,"column":50}}},"branchMap":{"1":{"line":50,"type":"if","locations":[{"start":{"line":50,"column":4},"end":{"line":50,"column":4}},{"start":{"line":50,"column":4},"end":{"line":50,"column":4}}]},"2":{"line":74,"type":"if","locations":[{"start":{"line":74,"column":4},"end":{"line":74,"column":4}},{"start":{"line":74,"column":4},"end":{"line":74,"column":4}}]},"3":{"line":99,"type":"if","locations":[{"start":{"line":99,"column":4},"end":{"line":99,"column":4}},{"start":{"line":99,"column":4},"end":{"line":99,"column":4}}]},"4":{"line":132,"type":"if","locations":[{"start":{"line":132,"column":6},"end":{"line":132,"column":6}},{"start":{"line":132,"column":6},"end":{"line":132,"column":6}}]},"5":{"line":143,"type":"if","locations":[{"start":{"line":143,"column":4},"end":{"line":143,"column":4}},{"start":{"line":143,"column":4},"end":{"line":143,"column":4}}]}}},"contracts/interfaces/ICToken.sol":{"l":{},"path":"/home/bugman/Projects/idle/idle-utils/contracts/interfaces/ICToken.sol","s":{},"b":{},"f":{},"fnMap":{},"statementMap":{},"branchMap":{}},"contracts/interfaces/IERC20Detailed.sol":{"l":{},"path":"/home/bugman/Projects/idle/idle-utils/contracts/interfaces/IERC20Detailed.sol","s":{},"b":{},"f":{},"fnMap":{},"statementMap":{},"branchMap":{}},"contracts/interfaces/IIdleCDO.sol":{"l":{},"path":"/home/bugman/Projects/idle/idle-utils/contracts/interfaces/IIdleCDO.sol","s":{},"b":{},"f":{},"fnMap":{},"statementMap":{},"branchMap":{}},"contracts/interfaces/IIdleCDOStrategy.sol":{"l":{},"path":"/home/bugman/Projects/idle/idle-utils/contracts/interfaces/IIdleCDOStrategy.sol","s":{},"b":{},"f":{},"fnMap":{},"statementMap":{},"branchMap":{}},"contracts/interfaces/IIdleCDOTrancheRewards.sol":{"l":{},"path":"/home/bugman/Projects/idle/idle-utils/contracts/interfaces/IIdleCDOTrancheRewards.sol","s":{},"b":{},"f":{},"fnMap":{},"statementMap":{},"branchMap":{}},"contracts/interfaces/IIdleToken.sol":{"l":{},"path":"/home/bugman/Projects/idle/idle-utils/contracts/interfaces/IIdleToken.sol","s":{},"b":{},"f":{},"fnMap":{},"statementMap":{},"branchMap":{}}}